<?xml version="1.0" encoding="UTF-8"?>
<testsuite name="com.template.FlowTests" tests="1" skipped="0" failures="0" errors="0" timestamp="2021-04-15T02:15:26" hostname="MacBook-Dev-12" time="31.759">
  <properties/>
  <testcase name="returnsFullySignedTxFromAllParties" classname="com.template.FlowTests" time="31.759"/>
  <system-out><![CDATA[?[37m[INFO] 22:15:30,008 [Test worker] internal.TestCordappImpl. - Generating CorDapp jar from local project in /Users/peterli/Desktop/tokenTest/workflows ...
?[m?[37m[INFO] 22:15:30,168 [Connection worker] internal.TestCordappImpl. - Build
?[m?[37m[INFO] 22:15:31,241 [Connection worker] internal.TestCordappImpl. - Starting Gradle Daemon
?[m?[37m[INFO] 22:15:32,008 [Connection worker] internal.TestCordappImpl. - Connecting to Gradle Daemon
?[m?[37m[INFO] 22:15:32,018 [Connection worker] internal.TestCordappImpl. - Starting Gradle Daemon
?[m?[37m[INFO] 22:15:32,019 [Connection worker] internal.TestCordappImpl. - Build
?[m?[37m[INFO] 22:15:32,513 [Connection worker] internal.TestCordappImpl. - Run build
?[m?[37m[INFO] 22:15:32,535 [Connection worker] internal.TestCordappImpl. - Evaluate settings
?[m?[37m[INFO] 22:15:32,975 [Connection worker] internal.TestCordappImpl. - Run build
?[m?[37m[INFO] 22:15:32,975 [Connection worker] internal.TestCordappImpl. - Configure build
?[m?[37m[INFO] 22:15:32,975 [Connection worker] internal.TestCordappImpl. - Load projects
?[m?[37m[INFO] 22:15:33,119 [Connection worker] internal.TestCordappImpl. - Configure build
?[m?[37m[INFO] 22:15:33,131 [Connection worker] internal.TestCordappImpl. - Configure project :
?[m?[37m[INFO] 22:15:33,617 [Connection worker] internal.TestCordappImpl. - Resolve dependencies of :classpath
?[m?[37m[INFO] 22:15:34,352 [Connection worker] internal.TestCordappImpl. - Configure project :
?[m?[37m[INFO] 22:15:34,365 [Connection worker] internal.TestCordappImpl. - Resolve files of :classpath
?[m?[37m[INFO] 22:15:34,408 [Connection worker] internal.TestCordappImpl. - Configure project :
?[m?[37m[INFO] 22:15:34,409 [Connection worker] internal.TestCordappImpl. - Resolve files of :classpath
?[m?[37m[INFO] 22:15:34,409 [Connection worker] internal.TestCordappImpl. - Configure project :
?[m?[37m[INFO] 22:15:35,169 [Connection worker] internal.TestCordappImpl. - Configure build
?[m?[37m[INFO] 22:15:35,169 [Connection worker] internal.TestCordappImpl. - Configure project :clients
?[m?[37m[INFO] 22:15:35,271 [Connection worker] internal.TestCordappImpl. - Configure build
?[m?[37m[INFO] 22:15:35,271 [Connection worker] internal.TestCordappImpl. - Configure project :contracts
?[m?[37m[INFO] 22:15:35,293 [Connection worker] internal.TestCordappImpl. - Configure build
?[m?[37m[INFO] 22:15:35,293 [Connection worker] internal.TestCordappImpl. - Configure project :workflows
?[m?[37m[INFO] 22:15:35,381 [Connection worker] internal.TestCordappImpl. - Configure build
?[m?[37m[INFO] 22:15:35,381 [Connection worker] internal.TestCordappImpl. - Run build
?[m?[37m[INFO] 22:15:35,484 [Connection worker] internal.TestCordappImpl. - Run tasks
?[m?[37m[INFO] 22:15:35,507 [Connection worker] internal.TestCordappImpl. - Task :contracts:compileJava
?[m?[37m[INFO] 22:15:35,563 [Connection worker] internal.TestCordappImpl. - Resolve dependencies of :contracts:compileClasspath
?[m?[37m[INFO] 22:15:35,766 [Connection worker] internal.TestCordappImpl. - Task :contracts:compileJava
?[m?[37m[INFO] 22:15:35,766 [Connection worker] internal.TestCordappImpl. - Resolve files of :contracts:compileClasspath
?[m?[37m[INFO] 22:15:35,766 [Connection worker] internal.TestCordappImpl. - Task :contracts:compileJava
?[m?[37m[INFO] 22:15:35,788 [Connection worker] internal.TestCordappImpl. - Resolve dependencies of :contracts:annotationProcessor
?[m?[37m[INFO] 22:15:35,788 [Connection worker] internal.TestCordappImpl. - Task :contracts:compileJava
?[m?[37m[INFO] 22:15:35,813 [Connection worker] internal.TestCordappImpl. - Run tasks
?[m?[37m[INFO] 22:15:35,813 [Connection worker] internal.TestCordappImpl. - Task :contracts:processResources
?[m?[37m[INFO] 22:15:35,824 [Connection worker] internal.TestCordappImpl. - Run tasks
?[m?[37m[INFO] 22:15:35,824 [Connection worker] internal.TestCordappImpl. - Task :contracts:classes
?[m?[37m[INFO] 22:15:35,824 [Connection worker] internal.TestCordappImpl. - Run tasks
?[m?[37m[INFO] 22:15:35,824 [Connection worker] internal.TestCordappImpl. - Task :contracts:configureCordappFatJar
?[m?[37m[INFO] 22:15:35,835 [Connection worker] internal.TestCordappImpl. - Resolve dependencies of :contracts:runtime
?[m?[37m[INFO] 22:15:35,913 [Connection worker] internal.TestCordappImpl. - Task :contracts:configureCordappFatJar
?[m?[37m[INFO] 22:15:35,913 [Connection worker] internal.TestCordappImpl. - Resolve files of :contracts:runtime
?[m?[37m[INFO] 22:15:35,913 [Connection worker] internal.TestCordappImpl. - Task :contracts:configureCordappFatJar
?[m?[37m[INFO] 22:15:35,913 [Connection worker] internal.TestCordappImpl. - Resolve files of :contracts:runtime
?[m?[37m[INFO] 22:15:35,913 [Connection worker] internal.TestCordappImpl. - Task :contracts:configureCordappFatJar
?[m?[37m[INFO] 22:15:35,913 [Connection worker] internal.TestCordappImpl. - Resolve files of :contracts:runtime
?[m?[37m[INFO] 22:15:35,913 [Connection worker] internal.TestCordappImpl. - Task :contracts:configureCordappFatJar
?[m?[37m[INFO] 22:15:35,913 [Connection worker] internal.TestCordappImpl. - Resolve files of :contracts:runtime
?[m?[37m[INFO] 22:15:35,913 [Connection worker] internal.TestCordappImpl. - Task :contracts:configureCordappFatJar
?[m?[37m[INFO] 22:15:35,926 [Connection worker] internal.TestCordappImpl. - Run tasks
?[m?[37m[INFO] 22:15:35,926 [Connection worker] internal.TestCordappImpl. - Task :contracts:jar
?[m?[37m[INFO] 22:15:35,948 [Connection worker] internal.TestCordappImpl. - Run tasks
?[m?[37m[INFO] 22:15:35,948 [Connection worker] internal.TestCordappImpl. - Task :workflows:compileJava
?[m?[37m[INFO] 22:15:35,961 [Connection worker] internal.TestCordappImpl. - Resolve dependencies of :workflows:compileClasspath
?[m?[37m[INFO] 22:15:35,995 [Connection worker] internal.TestCordappImpl. - Task :workflows:compileJava
?[m?[37m[INFO] 22:15:35,995 [Connection worker] internal.TestCordappImpl. - Resolve files of :workflows:compileClasspath
?[m?[37m[INFO] 22:15:35,996 [Connection worker] internal.TestCordappImpl. - Task :workflows:compileJava
?[m?[37m[INFO] 22:15:35,996 [Connection worker] internal.TestCordappImpl. - Resolve dependencies of :workflows:annotationProcessor
?[m?[37m[INFO] 22:15:35,996 [Connection worker] internal.TestCordappImpl. - Task :workflows:compileJava
?[m?[37m[INFO] 22:15:36,006 [Connection worker] internal.TestCordappImpl. - Run tasks
?[m?[37m[INFO] 22:15:36,006 [Connection worker] internal.TestCordappImpl. - Task :workflows:processResources
?[m?[37m[INFO] 22:15:36,018 [Connection worker] internal.TestCordappImpl. - Run tasks
?[m?[37m[INFO] 22:15:36,018 [Connection worker] internal.TestCordappImpl. - Task :workflows:classes
?[m?[37m[INFO] 22:15:36,018 [Connection worker] internal.TestCordappImpl. - Run tasks
?[m?[37m[INFO] 22:15:36,018 [Connection worker] internal.TestCordappImpl. - Task :workflows:configureCordappFatJar
?[m?[37m[INFO] 22:15:36,018 [Connection worker] internal.TestCordappImpl. - Resolve dependencies of :workflows:runtime
?[m?[37m[INFO] 22:15:36,064 [Connection worker] internal.TestCordappImpl. - Task :workflows:configureCordappFatJar
?[m?[37m[INFO] 22:15:36,064 [Connection worker] internal.TestCordappImpl. - Resolve files of :workflows:runtime
?[m?[37m[INFO] 22:15:36,064 [Connection worker] internal.TestCordappImpl. - Task :workflows:configureCordappFatJar
?[m?[37m[INFO] 22:15:36,064 [Connection worker] internal.TestCordappImpl. - Resolve files of :workflows:runtime
?[m?[37m[INFO] 22:15:36,064 [Connection worker] internal.TestCordappImpl. - Task :workflows:configureCordappFatJar
?[m?[37m[INFO] 22:15:36,064 [Connection worker] internal.TestCordappImpl. - Resolve files of :workflows:runtime
?[m?[37m[INFO] 22:15:36,064 [Connection worker] internal.TestCordappImpl. - Task :workflows:configureCordappFatJar
?[m?[37m[INFO] 22:15:36,064 [Connection worker] internal.TestCordappImpl. - Resolve files of :workflows:runtime
?[m?[37m[INFO] 22:15:36,064 [Connection worker] internal.TestCordappImpl. - Task :workflows:configureCordappFatJar
?[m?[37m[INFO] 22:15:36,064 [Connection worker] internal.TestCordappImpl. - Resolve files of :workflows:runtime
?[m?[37m[INFO] 22:15:36,064 [Connection worker] internal.TestCordappImpl. - Task :workflows:configureCordappFatJar
?[m?[37m[INFO] 22:15:36,065 [Connection worker] internal.TestCordappImpl. - Run tasks
?[m?[37m[INFO] 22:15:36,065 [Connection worker] internal.TestCordappImpl. - Task :workflows:jar
?[m?[37m[INFO] 22:15:37,621 [Connection worker] internal.TestCordappImpl. - Run tasks
?[m?[37m[INFO] 22:15:37,631 [Connection worker] internal.TestCordappImpl. - Run build
?[m?[37m[INFO] 22:15:37,631 [Connection worker] internal.TestCordappImpl. - Build model 'java.lang.Void' for project ':workflows'
?[m?[37m[INFO] 22:15:37,631 [Connection worker] internal.TestCordappImpl. - Run build
?[m?[37m[INFO] 22:15:37,632 [Connection worker] internal.TestCordappImpl. - Build
?[m?[37m[INFO] 22:15:37,641 [Connection worker] internal.TestCordappImpl. - Deleting unused version-specific caches in /Users/peterli/Desktop/tokenTest/.gradle
?[m?[37m[INFO] 22:15:37,641 [Connection worker] internal.TestCordappImpl. - Build
?[m?[37m[INFO] 22:15:37,666 [Connection worker] internal.TestCordappImpl. - 
?[m?[37m[INFO] 22:15:41,696 [Test worker] cordapp.JarScanningCordappLoader. - Looking for CorDapps in [build/mock-network/20210415-021529.015-3E1BBE56169EE29D/nodes/0/cordapps]
?[m?[37m[INFO] 22:15:41,709 [Test worker] cordapp.JarScanningCordappLoader. - Loading CorDapps from RestrictedURL(url=file:/Users/peterli/Desktop/tokenTest/workflows/build/mock-network/20210415-021529.015-3E1BBE56169EE29D/nodes/0/cordapps/contracts-0.1.jar, rootPackageName=null), RestrictedURL(url=file:/Users/peterli/Desktop/tokenTest/workflows/build/mock-network/20210415-021529.015-3E1BBE56169EE29D/nodes/0/cordapps/workflows-0.1.jar, rootPackageName=null), RestrictedURL(url=file:/Users/peterli/Desktop/tokenTest/workflows/build/mock-network/20210415-021529.015-3E1BBE56169EE29D/nodes/0/cordapps/tokens-contracts-1.2.jar, rootPackageName=null), RestrictedURL(url=file:/Users/peterli/Desktop/tokenTest/workflows/build/mock-network/20210415-021529.015-3E1BBE56169EE29D/nodes/0/cordapps/tokens-workflows-1.2.jar, rootPackageName=null)
?[m?[37m[INFO] 22:15:41,720 [Test worker] cordapp.JarScanningCordappLoader. - Scanning CorDapp in file:/Users/peterli/Desktop/tokenTest/workflows/build/mock-network/20210415-021529.015-3E1BBE56169EE29D/nodes/0/cordapps/contracts-0.1.jar
?[m?[37m[INFO] 22:15:41,801 [Test worker] cordapp.JarScanningCordappLoader. - Scanning CorDapp in file:/Users/peterli/Desktop/tokenTest/workflows/build/mock-network/20210415-021529.015-3E1BBE56169EE29D/nodes/0/cordapps/workflows-0.1.jar
?[m?[37m[INFO] 22:15:41,811 [Test worker] cordapp.JarScanningCordappLoader. - Scanning CorDapp in file:/Users/peterli/Desktop/tokenTest/workflows/build/mock-network/20210415-021529.015-3E1BBE56169EE29D/nodes/0/cordapps/tokens-contracts-1.2.jar
?[m?[37m[INFO] 22:15:41,853 [Test worker] cordapp.JarScanningCordappLoader. - Scanning CorDapp in file:/Users/peterli/Desktop/tokenTest/workflows/build/mock-network/20210415-021529.015-3E1BBE56169EE29D/nodes/0/cordapps/tokens-workflows-1.2.jar
?[m?[37m[INFO] 22:15:43,134 [Test worker] internal.InternalMockNetwork$MockNode. - MessagingService active change to: false
?[m?[37m[INFO] 22:15:43,356 [Test worker] internal.InternalMockNetwork$MockNode. - Flow external operation executor has a max of 2 threads
?[m?[37m[INFO] 22:15:43,427 [Test worker] internal.InternalMockNetwork$MockNode. - Node starting up ...
?[m?[37m[INFO] 22:15:43,445 [Test worker] internal.KeyStoreHandler. - Loaded trusted root certificate: DL7fwxLm5xbiMD8adUuYTsPZHAict46Ng4w6RNcySt5vAw, alias: cordarootca
?[m?[37m[INFO] 22:15:43,450 [Test worker] internal.KeyStoreHandler. - Loaded node identity key: DL2x8rxZeQNYEsSRouy2JQEXiTTu5yVqnpwM8ZP5LBd1iw, alias: identity-private-key
?[m?[37m[INFO] 22:15:43,581 [Test worker] internal.NodeFlowManager. - Registered com.template.flows.NormalTransaction$NormalTransactionInitiator to initiate com.template.flows.NormalTransaction$Responder (version 1)
?[m?[37m[INFO] 22:15:43,582 [Test worker] internal.NodeFlowManager. - Registered com.template.flows.TransferFungEvoToken$TransferFungEvoTokenInitiator to initiate com.template.flows.TransferFungEvoToken$TransferFungEvoTokenResponder (version 1)
?[m?[37m[INFO] 22:15:43,585 [Test worker] internal.NodeFlowManager. - Registered com.r3.corda.lib.tokens.workflows.flows.rpc.ConfidentialIssueTokens to initiate com.r3.corda.lib.tokens.workflows.flows.rpc.ConfidentialIssueTokensHandler (version 1)
?[m?[37m[INFO] 22:15:43,586 [Test worker] internal.NodeFlowManager. - Registered com.r3.corda.lib.tokens.workflows.flows.rpc.ConfidentialMoveFungibleTokens to initiate com.r3.corda.lib.tokens.workflows.flows.rpc.ConfidentialMoveFungibleTokensHandler (version 1)
?[m?[37m[INFO] 22:15:43,586 [Test worker] internal.NodeFlowManager. - Registered com.r3.corda.lib.tokens.workflows.flows.rpc.ConfidentialMoveNonFungibleTokens to initiate com.r3.corda.lib.tokens.workflows.flows.rpc.ConfidentialMoveNonFungibleTokensHandler (version 1)
?[m?[37m[INFO] 22:15:43,586 [Test worker] internal.NodeFlowManager. - Registered com.r3.corda.lib.tokens.workflows.flows.rpc.ConfidentialRedeemFungibleTokens to initiate com.r3.corda.lib.tokens.workflows.flows.rpc.ConfidentialRedeemFungibleTokensHandler (version 1)
?[m?[37m[INFO] 22:15:43,587 [Test worker] internal.NodeFlowManager. - Registered com.r3.corda.lib.tokens.workflows.flows.rpc.CreateEvolvableTokens to initiate com.r3.corda.lib.tokens.workflows.flows.rpc.CreateEvolvableTokensHandler (version 1)
?[m?[37m[INFO] 22:15:43,587 [Test worker] internal.NodeFlowManager. - Registered com.r3.corda.lib.tokens.workflows.flows.rpc.IssueTokens to initiate com.r3.corda.lib.tokens.workflows.flows.rpc.IssueTokensHandler (version 1)
?[m?[37m[INFO] 22:15:43,587 [Test worker] internal.NodeFlowManager. - Registered com.r3.corda.lib.tokens.workflows.flows.rpc.MoveFungibleTokens to initiate com.r3.corda.lib.tokens.workflows.flows.rpc.MoveFungibleTokensHandler (version 1)
?[m?[37m[INFO] 22:15:43,588 [Test worker] internal.NodeFlowManager. - Registered com.r3.corda.lib.tokens.workflows.flows.rpc.MoveNonFungibleTokens to initiate com.r3.corda.lib.tokens.workflows.flows.rpc.MoveNonFungibleTokensHandler (version 1)
?[m?[37m[INFO] 22:15:43,588 [Test worker] internal.NodeFlowManager. - Registered com.r3.corda.lib.tokens.workflows.flows.rpc.RedeemFungibleTokens to initiate com.r3.corda.lib.tokens.workflows.flows.rpc.RedeemFungibleTokensHandler (version 1)
?[m?[37m[INFO] 22:15:43,589 [Test worker] internal.NodeFlowManager. - Registered com.r3.corda.lib.tokens.workflows.flows.rpc.RedeemNonFungibleTokens to initiate com.r3.corda.lib.tokens.workflows.flows.rpc.RedeemNonFungibleTokensHandler (version 1)
?[m?[37m[INFO] 22:15:43,589 [Test worker] internal.NodeFlowManager. - Registered com.r3.corda.lib.tokens.workflows.flows.rpc.UpdateEvolvableToken to initiate com.r3.corda.lib.tokens.workflows.flows.rpc.UpdateEvolvableTokenHandler (version 1)
?[m?[37m[INFO] 22:15:43,590 [Test worker] internal.NodeFlowManager. - Registered com.r3.corda.lib.tokens.workflows.internal.flows.distribution.RequestAdditionToDistributionList$Initiator to initiate com.r3.corda.lib.tokens.workflows.internal.flows.distribution.RequestAdditionToDistributionList$Responder (version 1)
?[m?[37m[INFO] 22:15:43,591 [Test worker] internal.NodeFlowManager. - Registered com.r3.corda.lib.tokens.workflows.internal.flows.distribution.UpdateDistributionListFlow to initiate com.r3.corda.lib.tokens.workflows.internal.flows.distribution.UpdateDistributionListFlowHandler (version 1)
?[m?[37m[INFO] 22:15:43,620 [Test worker] internal.NodeFlowManager. - Registered com.r3.corda.lib.tokens.workflows.internal.testflows.DvPFlow to initiate com.r3.corda.lib.tokens.workflows.internal.testflows.DvPFlowHandler (version 1)
?[m?[37m[INFO] 22:15:43,696 [Test worker] internal.InternalMockNetwork$MockNode. - Loaded network parameters: NetworkParameters {
      minimumPlatformVersion=4
      notaries=[NotaryInfo(identity=O=Notary, L=London, C=GB, validating=true)]
      maxMessageSize=10485760
      maxTransactionSize=52428800
      whitelistedContractImplementations {
        
      }
      eventHorizon=PT51539607528H
      packageOwnership {
        
      }
      modifiedTime=2021-04-15T02:15:26.896Z
      epoch=1
  }
?[m?[37m[INFO] 22:15:43,775 [Test worker] hikari.HikariDataSource. - HikariPool-1 - Starting...
?[m?[37m[INFO] 22:15:44,742 [Test worker] hikari.HikariDataSource. - HikariPool-1 - Start completed.
?[m?[37m[INFO] 22:15:47,796 [Test worker] jvm.JdbcExecutor. - SELECT MD5SUM FROM PUBLIC.DATABASECHANGELOG WHERE MD5SUM IS NOT NULL
?[m?[37m[INFO] 22:15:47,800 [Test worker] jvm.JdbcExecutor. - SELECT COUNT(*) FROM PUBLIC.DATABASECHANGELOG
?[m?[37m[INFO] 22:15:47,800 [Test worker] changelog.StandardChangeLogHistoryService. - Reading from PUBLIC.DATABASECHANGELOG
?[m?[37m[INFO] 22:15:47,800 [Test worker] jvm.JdbcExecutor. - SELECT * FROM PUBLIC.DATABASECHANGELOG ORDER BY DATEEXECUTED ASC, ORDEREXECUTED ASC
?[m?[37m[INFO] 22:15:47,811 [Test worker] jvm.JdbcExecutor. - SELECT COUNT(*) FROM PUBLIC.DATABASECHANGELOGLOCK
?[m?[37m[INFO] 22:15:47,811 [Test worker] jvm.JdbcExecutor. - SELECT COUNT(*) FROM PUBLIC.DATABASECHANGELOGLOCK
?[m?[37m[INFO] 22:15:47,863 [Test worker] visitor.ValidatingVisitor. - Skipping change set migration/vault-schema.changelog-v13.xml::vault_transaction_id_size_non-clustered_pk-1::R3.Corda due to validation error(s): clustered is not allowed on h2 {changeSet=migration/vault-schema.changelog-v13.xml::vault_transaction_id_size_non-clustered_pk-1::R3.Corda, databaseChangeLog=master.changelog.json}
?[m?[37m[INFO] 22:15:47,864 [Test worker] visitor.ValidatingVisitor. - Skipping change set migration/vault-schema.changelog-v13.xml::vault_transaction_id_size_non-clustered_pk-2::R3.Corda due to validation error(s): clustered is not allowed on h2 {changeSet=migration/vault-schema.changelog-v13.xml::vault_transaction_id_size_non-clustered_pk-2::R3.Corda, databaseChangeLog=master.changelog.json}
?[m?[37m[INFO] 22:15:47,864 [Test worker] visitor.ValidatingVisitor. - Skipping change set migration/vault-schema.changelog-v13.xml::vault_transaction_id_size_non-clustered_pk-3::R3.Corda due to validation error(s): clustered is not allowed on h2 {changeSet=migration/vault-schema.changelog-v13.xml::vault_transaction_id_size_non-clustered_pk-3::R3.Corda, databaseChangeLog=master.changelog.json}
?[m?[37m[INFO] 22:15:47,917 [Test worker] visitor.ValidatingVisitor. - Skipping change set migration/node-core.changelog-v21.xml::node_transaction_id_size_non-clustered_pk::R3.Corda due to validation error(s): clustered is not allowed on h2 {changeSet=migration/node-core.changelog-v21.xml::node_transaction_id_size_non-clustered_pk::R3.Corda, databaseChangeLog=master.changelog.json}
?[m?[37m[INFO] 22:15:47,922 [Test worker] visitor.ValidatingVisitor. - Skipping change set migration/node-notary.changelog-pkey.xml::non-clustered_pk-notary_state::R3.Corda due to validation error(s): clustered is not allowed on h2 {changeSet=migration/node-notary.changelog-pkey.xml::non-clustered_pk-notary_state::R3.Corda, databaseChangeLog=master.changelog.json}
?[m?[37m[INFO] 22:15:47,928 [Test worker] visitor.ValidatingVisitor. - Skipping change set migration/node-notary.changelog-v4.xml::node_notary_transaction_id_size-non-clustered_pk::R3.Corda due to validation error(s): clustered is not allowed on h2 {changeSet=migration/node-notary.changelog-v4.xml::node_notary_transaction_id_size-non-clustered_pk::R3.Corda, databaseChangeLog=master.changelog.json}
?[m?[37m[INFO] 22:15:47,932 [Test worker] jvm.JdbcExecutor. - SELECT LOCKED FROM PUBLIC.DATABASECHANGELOGLOCK WHERE ID=1
?[m?[37m[INFO] 22:15:47,939 [Test worker] lockservice.StandardLockService. - Successfully acquired change log lock
?[m?[37m[INFO] 22:15:47,941 [Test worker] visitor.ValidatingVisitor. - Skipping change set migration/vault-schema.changelog-v13.xml::vault_transaction_id_size_non-clustered_pk-1::R3.Corda due to validation error(s): clustered is not allowed on h2 {changeSet=migration/vault-schema.changelog-v13.xml::vault_transaction_id_size_non-clustered_pk-1::R3.Corda, databaseChangeLog=master.changelog.json}
?[m?[37m[INFO] 22:15:47,941 [Test worker] visitor.ValidatingVisitor. - Skipping change set migration/vault-schema.changelog-v13.xml::vault_transaction_id_size_non-clustered_pk-2::R3.Corda due to validation error(s): clustered is not allowed on h2 {changeSet=migration/vault-schema.changelog-v13.xml::vault_transaction_id_size_non-clustered_pk-2::R3.Corda, databaseChangeLog=master.changelog.json}
?[m?[37m[INFO] 22:15:47,941 [Test worker] visitor.ValidatingVisitor. - Skipping change set migration/vault-schema.changelog-v13.xml::vault_transaction_id_size_non-clustered_pk-3::R3.Corda due to validation error(s): clustered is not allowed on h2 {changeSet=migration/vault-schema.changelog-v13.xml::vault_transaction_id_size_non-clustered_pk-3::R3.Corda, databaseChangeLog=master.changelog.json}
?[m?[37m[INFO] 22:15:47,949 [Test worker] visitor.ValidatingVisitor. - Skipping change set migration/node-core.changelog-v21.xml::node_transaction_id_size_non-clustered_pk::R3.Corda due to validation error(s): clustered is not allowed on h2 {changeSet=migration/node-core.changelog-v21.xml::node_transaction_id_size_non-clustered_pk::R3.Corda, databaseChangeLog=master.changelog.json}
?[m?[37m[INFO] 22:15:47,951 [Test worker] visitor.ValidatingVisitor. - Skipping change set migration/node-notary.changelog-pkey.xml::non-clustered_pk-notary_state::R3.Corda due to validation error(s): clustered is not allowed on h2 {changeSet=migration/node-notary.changelog-pkey.xml::non-clustered_pk-notary_state::R3.Corda, databaseChangeLog=master.changelog.json}
?[m?[37m[INFO] 22:15:47,953 [Test worker] visitor.ValidatingVisitor. - Skipping change set migration/node-notary.changelog-v4.xml::node_notary_transaction_id_size-non-clustered_pk::R3.Corda due to validation error(s): clustered is not allowed on h2 {changeSet=migration/node-notary.changelog-v4.xml::node_notary_transaction_id_size-non-clustered_pk::R3.Corda, databaseChangeLog=master.changelog.json}
?[m?[37m[INFO] 22:15:47,954 [Test worker] jvm.JdbcExecutor. - DROP VIEW PUBLIC.v_pkey_hash_ex_id_map {changeSet=migration/vault-schema.changelog-v13.xml::vault_transaction_id_size::R3.Corda, databaseChangeLog=master.changelog.json}
?[m?[37m[INFO] 22:15:47,959 [Test worker] changelog.ChangeSet. - View v_pkey_hash_ex_id_map dropped {changeSet=migration/vault-schema.changelog-v13.xml::vault_transaction_id_size::R3.Corda, databaseChangeLog=master.changelog.json}
?[m?[37m[INFO] 22:15:47,960 [Test worker] jvm.JdbcExecutor. - ALTER TABLE PUBLIC.vault_fungible_states_parts DROP CONSTRAINT FK__fung_st_parts__fung_st {changeSet=migration/vault-schema.changelog-v13.xml::vault_transaction_id_size::R3.Corda, databaseChangeLog=master.changelog.json}
?[m?[37m[INFO] 22:15:47,962 [Test worker] changelog.ChangeSet. - Foreign key FK__fung_st_parts__fung_st dropped {changeSet=migration/vault-schema.changelog-v13.xml::vault_transaction_id_size::R3.Corda, databaseChangeLog=master.changelog.json}
?[m?[37m[INFO] 22:15:47,962 [Test worker] jvm.JdbcExecutor. - ALTER TABLE PUBLIC.vault_linear_states_parts DROP CONSTRAINT FK__lin_stat_parts__lin_stat {changeSet=migration/vault-schema.changelog-v13.xml::vault_transaction_id_size::R3.Corda, databaseChangeLog=master.changelog.json}
?[m?[37m[INFO] 22:15:47,964 [Test worker] changelog.ChangeSet. - Foreign key FK__lin_stat_parts__lin_stat dropped {changeSet=migration/vault-schema.changelog-v13.xml::vault_transaction_id_size::R3.Corda, databaseChangeLog=master.changelog.json}
?[m?[37m[INFO] 22:15:47,965 [Test worker] jvm.JdbcExecutor. - ALTER TABLE PUBLIC.vault_fungible_states DROP PRIMARY KEY {changeSet=migration/vault-schema.changelog-v13.xml::vault_transaction_id_size::R3.Corda, databaseChangeLog=master.changelog.json}
?[m?[37m[INFO] 22:15:47,968 [Test worker] changelog.ChangeSet. - Primary key dropped from vault_fungible_states {changeSet=migration/vault-schema.changelog-v13.xml::vault_transaction_id_size::R3.Corda, databaseChangeLog=master.changelog.json}
?[m?[37m[INFO] 22:15:47,968 [Test worker] jvm.JdbcExecutor. - ALTER TABLE PUBLIC.vault_linear_states DROP PRIMARY KEY {changeSet=migration/vault-schema.changelog-v13.xml::vault_transaction_id_size::R3.Corda, databaseChangeLog=master.changelog.json}
?[m?[37m[INFO] 22:15:47,969 [Test worker] changelog.ChangeSet. - Primary key dropped from vault_linear_states {changeSet=migration/vault-schema.changelog-v13.xml::vault_transaction_id_size::R3.Corda, databaseChangeLog=master.changelog.json}
?[m?[37m[INFO] 22:15:47,969 [Test worker] jvm.JdbcExecutor. - ALTER TABLE PUBLIC.vault_states DROP PRIMARY KEY {changeSet=migration/vault-schema.changelog-v13.xml::vault_transaction_id_size::R3.Corda, databaseChangeLog=master.changelog.json}
?[m?[37m[INFO] 22:15:47,970 [Test worker] changelog.ChangeSet. - Primary key dropped from vault_states {changeSet=migration/vault-schema.changelog-v13.xml::vault_transaction_id_size::R3.Corda, databaseChangeLog=master.changelog.json}
?[m?[37m[INFO] 22:15:47,971 [Test worker] jvm.JdbcExecutor. - DROP INDEX PUBLIC.transaction_id_index {changeSet=migration/vault-schema.changelog-v13.xml::vault_transaction_id_size::R3.Corda, databaseChangeLog=master.changelog.json}
?[m?[37m[INFO] 22:15:47,973 [Test worker] changelog.ChangeSet. - Index transaction_id_index dropped from table vault_transaction_notes {changeSet=migration/vault-schema.changelog-v13.xml::vault_transaction_id_size::R3.Corda, databaseChangeLog=master.changelog.json}
?[m?[37m[INFO] 22:15:47,973 [Test worker] jvm.JdbcExecutor. - ALTER TABLE PUBLIC.vault_fungible_states ALTER COLUMN transaction_id SET NULL {changeSet=migration/vault-schema.changelog-v13.xml::vault_transaction_id_size::R3.Corda, databaseChangeLog=master.changelog.json}
?[m?[37m[INFO] 22:15:47,976 [Test worker] changelog.ChangeSet. - Null constraint dropped from vault_fungible_states.transaction_id {changeSet=migration/vault-schema.changelog-v13.xml::vault_transaction_id_size::R3.Corda, databaseChangeLog=master.changelog.json}
?[m?[37m[INFO] 22:15:47,976 [Test worker] jvm.JdbcExecutor. - ALTER TABLE PUBLIC.vault_fungible_states_parts ALTER COLUMN transaction_id SET NULL {changeSet=migration/vault-schema.changelog-v13.xml::vault_transaction_id_size::R3.Corda, databaseChangeLog=master.changelog.json}
?[m?[37m[INFO] 22:15:47,977 [Test worker] changelog.ChangeSet. - Null constraint dropped from vault_fungible_states_parts.transaction_id {changeSet=migration/vault-schema.changelog-v13.xml::vault_transaction_id_size::R3.Corda, databaseChangeLog=master.changelog.json}
?[m?[37m[INFO] 22:15:47,978 [Test worker] jvm.JdbcExecutor. - ALTER TABLE PUBLIC.vault_linear_states ALTER COLUMN transaction_id SET NULL {changeSet=migration/vault-schema.changelog-v13.xml::vault_transaction_id_size::R3.Corda, databaseChangeLog=master.changelog.json}
?[m?[37m[INFO] 22:15:47,979 [Test worker] changelog.ChangeSet. - Null constraint dropped from vault_linear_states.transaction_id {changeSet=migration/vault-schema.changelog-v13.xml::vault_transaction_id_size::R3.Corda, databaseChangeLog=master.changelog.json}
?[m?[37m[INFO] 22:15:47,979 [Test worker] jvm.JdbcExecutor. - ALTER TABLE PUBLIC.vault_linear_states_parts ALTER COLUMN transaction_id SET NULL {changeSet=migration/vault-schema.changelog-v13.xml::vault_transaction_id_size::R3.Corda, databaseChangeLog=master.changelog.json}
?[m?[37m[INFO] 22:15:47,980 [Test worker] changelog.ChangeSet. - Null constraint dropped from vault_linear_states_parts.transaction_id {changeSet=migration/vault-schema.changelog-v13.xml::vault_transaction_id_size::R3.Corda, databaseChangeLog=master.changelog.json}
?[m?[37m[INFO] 22:15:47,981 [Test worker] jvm.JdbcExecutor. - ALTER TABLE PUBLIC.vault_states ALTER COLUMN transaction_id SET NULL {changeSet=migration/vault-schema.changelog-v13.xml::vault_transaction_id_size::R3.Corda, databaseChangeLog=master.changelog.json}
?[m?[37m[INFO] 22:15:47,982 [Test worker] changelog.ChangeSet. - Null constraint dropped from vault_states.transaction_id {changeSet=migration/vault-schema.changelog-v13.xml::vault_transaction_id_size::R3.Corda, databaseChangeLog=master.changelog.json}
?[m?[37m[INFO] 22:15:47,984 [Test worker] jvm.JdbcExecutor. - ALTER TABLE PUBLIC.vault_fungible_states ALTER COLUMN transaction_id NVARCHAR(144) {changeSet=migration/vault-schema.changelog-v13.xml::vault_transaction_id_size::R3.Corda, databaseChangeLog=master.changelog.json}
?[m?[37m[INFO] 22:15:47,993 [Test worker] changelog.ChangeSet. - vault_fungible_states.transaction_id datatype was changed to NVARCHAR(144) {changeSet=migration/vault-schema.changelog-v13.xml::vault_transaction_id_size::R3.Corda, databaseChangeLog=master.changelog.json}
?[m?[37m[INFO] 22:15:47,993 [Test worker] jvm.JdbcExecutor. - ALTER TABLE PUBLIC.vault_fungible_states_parts ALTER COLUMN transaction_id NVARCHAR(144) {changeSet=migration/vault-schema.changelog-v13.xml::vault_transaction_id_size::R3.Corda, databaseChangeLog=master.changelog.json}
?[m?[37m[INFO] 22:15:48,000 [Test worker] changelog.ChangeSet. - vault_fungible_states_parts.transaction_id datatype was changed to NVARCHAR(144) {changeSet=migration/vault-schema.changelog-v13.xml::vault_transaction_id_size::R3.Corda, databaseChangeLog=master.changelog.json}
?[m?[37m[INFO] 22:15:48,000 [Test worker] jvm.JdbcExecutor. - ALTER TABLE PUBLIC.vault_linear_states ALTER COLUMN transaction_id NVARCHAR(144) {changeSet=migration/vault-schema.changelog-v13.xml::vault_transaction_id_size::R3.Corda, databaseChangeLog=master.changelog.json}
?[m?[37m[INFO] 22:15:48,014 [Test worker] changelog.ChangeSet. - vault_linear_states.transaction_id datatype was changed to NVARCHAR(144) {changeSet=migration/vault-schema.changelog-v13.xml::vault_transaction_id_size::R3.Corda, databaseChangeLog=master.changelog.json}
?[m?[37m[INFO] 22:15:48,014 [Test worker] jvm.JdbcExecutor. - ALTER TABLE PUBLIC.vault_linear_states_parts ALTER COLUMN transaction_id NVARCHAR(144) {changeSet=migration/vault-schema.changelog-v13.xml::vault_transaction_id_size::R3.Corda, databaseChangeLog=master.changelog.json}
?[m?[37m[INFO] 22:15:48,020 [Test worker] changelog.ChangeSet. - vault_linear_states_parts.transaction_id datatype was changed to NVARCHAR(144) {changeSet=migration/vault-schema.changelog-v13.xml::vault_transaction_id_size::R3.Corda, databaseChangeLog=master.changelog.json}
?[m?[37m[INFO] 22:15:48,020 [Test worker] jvm.JdbcExecutor. - ALTER TABLE PUBLIC.vault_states ALTER COLUMN transaction_id NVARCHAR(144) {changeSet=migration/vault-schema.changelog-v13.xml::vault_transaction_id_size::R3.Corda, databaseChangeLog=master.changelog.json}
?[m?[37m[INFO] 22:15:48,028 [Test worker] changelog.ChangeSet. - vault_states.transaction_id datatype was changed to NVARCHAR(144) {changeSet=migration/vault-schema.changelog-v13.xml::vault_transaction_id_size::R3.Corda, databaseChangeLog=master.changelog.json}
?[m?[37m[INFO] 22:15:48,029 [Test worker] jvm.JdbcExecutor. - ALTER TABLE PUBLIC.vault_transaction_notes ALTER COLUMN transaction_id NVARCHAR(144) {changeSet=migration/vault-schema.changelog-v13.xml::vault_transaction_id_size::R3.Corda, databaseChangeLog=master.changelog.json}
?[m?[37m[INFO] 22:15:48,037 [Test worker] changelog.ChangeSet. - vault_transaction_notes.transaction_id datatype was changed to NVARCHAR(144) {changeSet=migration/vault-schema.changelog-v13.xml::vault_transaction_id_size::R3.Corda, databaseChangeLog=master.changelog.json}
?[m?[37m[INFO] 22:15:48,037 [Test worker] jvm.JdbcExecutor. - ALTER TABLE PUBLIC.state_party ALTER COLUMN transaction_id NVARCHAR(144) {changeSet=migration/vault-schema.changelog-v13.xml::vault_transaction_id_size::R3.Corda, databaseChangeLog=master.changelog.json}
?[m?[37m[INFO] 22:15:48,043 [Test worker] changelog.ChangeSet. - state_party.transaction_id datatype was changed to NVARCHAR(144) {changeSet=migration/vault-schema.changelog-v13.xml::vault_transaction_id_size::R3.Corda, databaseChangeLog=master.changelog.json}
?[m?[37m[INFO] 22:15:48,044 [Test worker] jvm.JdbcExecutor. - ALTER TABLE PUBLIC.vault_fungible_states ALTER COLUMN transaction_id SET NOT NULL {changeSet=migration/vault-schema.changelog-v13.xml::vault_transaction_id_size::R3.Corda, databaseChangeLog=master.changelog.json}
?[m?[37m[INFO] 22:15:48,054 [Test worker] changelog.ChangeSet. - NOT NULL constraint has been added to vault_fungible_states.transaction_id {changeSet=migration/vault-schema.changelog-v13.xml::vault_transaction_id_size::R3.Corda, databaseChangeLog=master.changelog.json}
?[m?[37m[INFO] 22:15:48,054 [Test worker] jvm.JdbcExecutor. - ALTER TABLE PUBLIC.vault_fungible_states_parts ALTER COLUMN transaction_id SET NOT NULL {changeSet=migration/vault-schema.changelog-v13.xml::vault_transaction_id_size::R3.Corda, databaseChangeLog=master.changelog.json}
?[m?[37m[INFO] 22:15:48,055 [Test worker] changelog.ChangeSet. - NOT NULL constraint has been added to vault_fungible_states_parts.transaction_id {changeSet=migration/vault-schema.changelog-v13.xml::vault_transaction_id_size::R3.Corda, databaseChangeLog=master.changelog.json}
?[m?[37m[INFO] 22:15:48,055 [Test worker] jvm.JdbcExecutor. - ALTER TABLE PUBLIC.vault_linear_states ALTER COLUMN transaction_id SET NOT NULL {changeSet=migration/vault-schema.changelog-v13.xml::vault_transaction_id_size::R3.Corda, databaseChangeLog=master.changelog.json}
?[m?[37m[INFO] 22:15:48,056 [Test worker] changelog.ChangeSet. - NOT NULL constraint has been added to vault_linear_states.transaction_id {changeSet=migration/vault-schema.changelog-v13.xml::vault_transaction_id_size::R3.Corda, databaseChangeLog=master.changelog.json}
?[m?[37m[INFO] 22:15:48,056 [Test worker] jvm.JdbcExecutor. - ALTER TABLE PUBLIC.vault_linear_states_parts ALTER COLUMN transaction_id SET NOT NULL {changeSet=migration/vault-schema.changelog-v13.xml::vault_transaction_id_size::R3.Corda, databaseChangeLog=master.changelog.json}
?[m?[37m[INFO] 22:15:48,057 [Test worker] changelog.ChangeSet. - NOT NULL constraint has been added to vault_linear_states_parts.transaction_id {changeSet=migration/vault-schema.changelog-v13.xml::vault_transaction_id_size::R3.Corda, databaseChangeLog=master.changelog.json}
?[m?[37m[INFO] 22:15:48,057 [Test worker] jvm.JdbcExecutor. - ALTER TABLE PUBLIC.vault_states ALTER COLUMN transaction_id SET NOT NULL {changeSet=migration/vault-schema.changelog-v13.xml::vault_transaction_id_size::R3.Corda, databaseChangeLog=master.changelog.json}
?[m?[37m[INFO] 22:15:48,059 [Test worker] changelog.ChangeSet. - NOT NULL constraint has been added to vault_states.transaction_id {changeSet=migration/vault-schema.changelog-v13.xml::vault_transaction_id_size::R3.Corda, databaseChangeLog=master.changelog.json}
?[m?[37m[INFO] 22:15:48,059 [Test worker] jvm.JdbcExecutor. - ALTER TABLE PUBLIC.vault_fungible_states ADD CONSTRAINT vault_fungible_states_pkey PRIMARY KEY (transaction_id, output_index) {changeSet=migration/vault-schema.changelog-v13.xml::vault_transaction_id_size::R3.Corda, databaseChangeLog=master.changelog.json}
?[m?[37m[INFO] 22:15:48,061 [Test worker] changelog.ChangeSet. - Primary key added to vault_fungible_states (transaction_id, output_index) {changeSet=migration/vault-schema.changelog-v13.xml::vault_transaction_id_size::R3.Corda, databaseChangeLog=master.changelog.json}
?[m?[37m[INFO] 22:15:48,061 [Test worker] jvm.JdbcExecutor. - ALTER TABLE PUBLIC.vault_linear_states ADD CONSTRAINT vault_linear_states_pkey PRIMARY KEY (transaction_id, output_index) {changeSet=migration/vault-schema.changelog-v13.xml::vault_transaction_id_size::R3.Corda, databaseChangeLog=master.changelog.json}
?[m?[37m[INFO] 22:15:48,063 [Test worker] changelog.ChangeSet. - Primary key added to vault_linear_states (transaction_id, output_index) {changeSet=migration/vault-schema.changelog-v13.xml::vault_transaction_id_size::R3.Corda, databaseChangeLog=master.changelog.json}
?[m?[37m[INFO] 22:15:48,063 [Test worker] jvm.JdbcExecutor. - ALTER TABLE PUBLIC.vault_states ADD CONSTRAINT vault_states_pkey PRIMARY KEY (transaction_id, output_index) {changeSet=migration/vault-schema.changelog-v13.xml::vault_transaction_id_size::R3.Corda, databaseChangeLog=master.changelog.json}
?[m?[37m[INFO] 22:15:48,065 [Test worker] changelog.ChangeSet. - Primary key added to vault_states (transaction_id, output_index) {changeSet=migration/vault-schema.changelog-v13.xml::vault_transaction_id_size::R3.Corda, databaseChangeLog=master.changelog.json}
?[m?[37m[INFO] 22:15:48,065 [Test worker] jvm.JdbcExecutor. - CREATE INDEX PUBLIC.transaction_id_index ON PUBLIC.vault_transaction_notes(transaction_id) {changeSet=migration/vault-schema.changelog-v13.xml::vault_transaction_id_size::R3.Corda, databaseChangeLog=master.changelog.json}
?[m?[37m[INFO] 22:15:48,066 [Test worker] changelog.ChangeSet. - Index transaction_id_index created {changeSet=migration/vault-schema.changelog-v13.xml::vault_transaction_id_size::R3.Corda, databaseChangeLog=master.changelog.json}
?[m?[37m[INFO] 22:15:48,067 [Test worker] changelog.ChangeSet. - ChangeSet migration/vault-schema.changelog-v13.xml::vault_transaction_id_size::R3.Corda ran successfully in 113ms {changeSet=migration/vault-schema.changelog-v13.xml::vault_transaction_id_size::R3.Corda, databaseChangeLog=master.changelog.json}
?[m?[37m[INFO] 22:15:48,067 [Test worker] jvm.JdbcExecutor. - SELECT MAX(ORDEREXECUTED) FROM PUBLIC.DATABASECHANGELOG {changeSet=migration/vault-schema.changelog-v13.xml::vault_transaction_id_size::R3.Corda, databaseChangeLog=master.changelog.json}
?[m?[37m[INFO] 22:15:48,072 [Test worker] jvm.JdbcExecutor. - INSERT INTO PUBLIC.DATABASECHANGELOG (ID, AUTHOR, FILENAME, DATEEXECUTED, ORDEREXECUTED, MD5SUM, DESCRIPTION, COMMENTS, EXECTYPE, CONTEXTS, LABELS, LIQUIBASE, DEPLOYMENT_ID) VALUES ('vault_transaction_id_size', 'R3.Corda', 'migration/vault-schema.changelog-v13.xml', NOW(), 94, '8:6251c962c4f12e03040c4fceecdc07e0', 'dropView viewName=v_pkey_hash_ex_id_map; dropForeignKeyConstraint baseTableName=vault_fungible_states_parts, constraintName=FK__fung_st_parts__fung_st; dropForeignKeyConstraint baseTableName=vault_linear_states_parts, constraintName=FK__lin_stat_p...', '', 'EXECUTED', NULL, NULL, '3.6.3', '8452947939') {changeSet=migration/vault-schema.changelog-v13.xml::vault_transaction_id_size::R3.Corda, databaseChangeLog=master.changelog.json}
?[m?[37m[INFO] 22:15:48,076 [Test worker] jvm.JdbcExecutor. - INSERT INTO PUBLIC.DATABASECHANGELOG (ID, AUTHOR, FILENAME, DATEEXECUTED, ORDEREXECUTED, MD5SUM, DESCRIPTION, COMMENTS, EXECTYPE, CONTEXTS, LABELS, LIQUIBASE, DEPLOYMENT_ID) VALUES ('vault_transaction_id_size_non-clustered_pk-1', 'R3.Corda', 'migration/vault-schema.changelog-v13.xml', NOW(), 95, '8:d9c822bbaf7c5eea4cd2559f94a17eba', 'dropPrimaryKey constraintName=vault_fungible_states_pkey, tableName=vault_fungible_states; addPrimaryKey constraintName=vault_fungible_states_pkey, tableName=vault_fungible_states', '', 'MARK_RAN', NULL, NULL, '3.6.3', '8452947939') {changeSet=migration/vault-schema.changelog-v13.xml::vault_transaction_id_size_non-clustered_pk-1::R3.Corda, databaseChangeLog=master.changelog.json}
?[m?[37m[INFO] 22:15:48,080 [Test worker] jvm.JdbcExecutor. - INSERT INTO PUBLIC.DATABASECHANGELOG (ID, AUTHOR, FILENAME, DATEEXECUTED, ORDEREXECUTED, MD5SUM, DESCRIPTION, COMMENTS, EXECTYPE, CONTEXTS, LABELS, LIQUIBASE, DEPLOYMENT_ID) VALUES ('vault_transaction_id_size_non-clustered_pk-2', 'R3.Corda', 'migration/vault-schema.changelog-v13.xml', NOW(), 96, '8:fb2cd4970e95f7c7936b9754a6438da5', 'dropPrimaryKey constraintName=vault_linear_states_pkey, tableName=vault_linear_states; addPrimaryKey constraintName=vault_linear_states_pkey, tableName=vault_linear_states', '', 'MARK_RAN', NULL, NULL, '3.6.3', '8452947939') {changeSet=migration/vault-schema.changelog-v13.xml::vault_transaction_id_size_non-clustered_pk-2::R3.Corda, databaseChangeLog=master.changelog.json}
?[m?[37m[INFO] 22:15:48,083 [Test worker] jvm.JdbcExecutor. - INSERT INTO PUBLIC.DATABASECHANGELOG (ID, AUTHOR, FILENAME, DATEEXECUTED, ORDEREXECUTED, MD5SUM, DESCRIPTION, COMMENTS, EXECTYPE, CONTEXTS, LABELS, LIQUIBASE, DEPLOYMENT_ID) VALUES ('vault_transaction_id_size_non-clustered_pk-3', 'R3.Corda', 'migration/vault-schema.changelog-v13.xml', NOW(), 97, '8:54bd9c17ce296bb02c369a5cfbedd866', 'dropPrimaryKey constraintName=vault_states_pkey, tableName=vault_states; addPrimaryKey constraintName=vault_states_pkey, tableName=vault_states', '', 'MARK_RAN', NULL, NULL, '3.6.3', '8452947939') {changeSet=migration/vault-schema.changelog-v13.xml::vault_transaction_id_size_non-clustered_pk-3::R3.Corda, databaseChangeLog=master.changelog.json}
?[m?[37m[INFO] 22:15:48,086 [Test worker] jvm.JdbcExecutor. - ALTER TABLE PUBLIC.vault_fungible_states_parts ADD CONSTRAINT FK__fung_st_parts__fung_st FOREIGN KEY (transaction_id, output_index) REFERENCES PUBLIC.vault_fungible_states (transaction_id, output_index) {changeSet=migration/vault-schema.changelog-v13.xml::vault_transaction_id_size_2::R3.Corda, databaseChangeLog=master.changelog.json}
?[m?[37m[INFO] 22:15:48,093 [Test worker] changelog.ChangeSet. - Foreign key constraint added to vault_fungible_states_parts (transaction_id,output_index) {changeSet=migration/vault-schema.changelog-v13.xml::vault_transaction_id_size_2::R3.Corda, databaseChangeLog=master.changelog.json}
?[m?[37m[INFO] 22:15:48,093 [Test worker] jvm.JdbcExecutor. - ALTER TABLE PUBLIC.vault_linear_states_parts ADD CONSTRAINT FK__lin_stat_parts__lin_stat FOREIGN KEY (transaction_id, output_index) REFERENCES PUBLIC.vault_linear_states (transaction_id, output_index) {changeSet=migration/vault-schema.changelog-v13.xml::vault_transaction_id_size_2::R3.Corda, databaseChangeLog=master.changelog.json}
?[m?[37m[INFO] 22:15:48,096 [Test worker] changelog.ChangeSet. - Foreign key constraint added to vault_linear_states_parts (transaction_id,output_index) {changeSet=migration/vault-schema.changelog-v13.xml::vault_transaction_id_size_2::R3.Corda, databaseChangeLog=master.changelog.json}
?[m?[37m[INFO] 22:15:48,098 [Test worker] jvm.JdbcExecutor. - CREATE VIEW PUBLIC.v_pkey_hash_ex_id_map AS select
            state_party.public_key_hash,
            state_party.transaction_id,
            state_party.output_index,
            pk_hash_to_ext_id_map.external_id
            from state_party
            join pk_hash_to_ext_id_map
            on state_party.public_key_hash = pk_hash_to_ext_id_map.public_key_hash {changeSet=migration/vault-schema.changelog-v13.xml::vault_transaction_id_size_2::R3.Corda, databaseChangeLog=master.changelog.json}
?[m?[37m[INFO] 22:15:48,100 [Test worker] changelog.ChangeSet. - View v_pkey_hash_ex_id_map created {changeSet=migration/vault-schema.changelog-v13.xml::vault_transaction_id_size_2::R3.Corda, databaseChangeLog=master.changelog.json}
?[m?[37m[INFO] 22:15:48,100 [Test worker] changelog.ChangeSet. - ChangeSet migration/vault-schema.changelog-v13.xml::vault_transaction_id_size_2::R3.Corda ran successfully in 15ms {changeSet=migration/vault-schema.changelog-v13.xml::vault_transaction_id_size_2::R3.Corda, databaseChangeLog=master.changelog.json}
?[m?[37m[INFO] 22:15:48,102 [Test worker] jvm.JdbcExecutor. - INSERT INTO PUBLIC.DATABASECHANGELOG (ID, AUTHOR, FILENAME, DATEEXECUTED, ORDEREXECUTED, MD5SUM, DESCRIPTION, COMMENTS, EXECTYPE, CONTEXTS, LABELS, LIQUIBASE, DEPLOYMENT_ID) VALUES ('vault_transaction_id_size_2', 'R3.Corda', 'migration/vault-schema.changelog-v13.xml', NOW(), 98, '8:39d3cb14fba7c771c1fd93a8ec497365', 'addForeignKeyConstraint baseTableName=vault_fungible_states_parts, constraintName=FK__fung_st_parts__fung_st, referencedTableName=vault_fungible_states; addForeignKeyConstraint baseTableName=vault_linear_states_parts, constraintName=FK__lin_stat_p...', '', 'EXECUTED', NULL, NULL, '3.6.3', '8452947939') {changeSet=migration/vault-schema.changelog-v13.xml::vault_transaction_id_size_2::R3.Corda, databaseChangeLog=master.changelog.json}
?[m?[37m[INFO] 22:15:48,106 [Test worker] jvm.JdbcExecutor. - ALTER TABLE PUBLIC.node_identities_no_cert ADD owning_pk_hash NVARCHAR(130) {changeSet=migration/node-services.changelog-init.xml::identity_service_key_rotation::R3.Corda, databaseChangeLog=master.changelog.json}
?[m?[37m[INFO] 22:15:48,115 [Test worker] changelog.ChangeSet. - Columns owning_pk_hash(NVARCHAR(130)) added to node_identities_no_cert {changeSet=migration/node-services.changelog-init.xml::identity_service_key_rotation::R3.Corda, databaseChangeLog=master.changelog.json}
?[m?[37m[INFO] 22:15:48,116 [Test worker] jvm.JdbcExecutor. - UPDATE node_identities_no_cert SET owning_pk_hash =
            (SELECT pk_hash FROM node_named_identities WHERE node_named_identities.name = node_identities_no_cert.name) {changeSet=migration/node-services.changelog-init.xml::identity_service_key_rotation::R3.Corda, databaseChangeLog=master.changelog.json}
?[m?[37m[INFO] 22:15:48,116 [Test worker] changelog.ChangeSet. - Custom SQL executed {changeSet=migration/node-services.changelog-init.xml::identity_service_key_rotation::R3.Corda, databaseChangeLog=master.changelog.json}
?[m?[37m[INFO] 22:15:48,117 [Test worker] jvm.JdbcExecutor. - UPDATE node_identities_no_cert SET owning_pk_hash = 'unresolved' WHERE owning_pk_hash IS NULL {changeSet=migration/node-services.changelog-init.xml::identity_service_key_rotation::R3.Corda, databaseChangeLog=master.changelog.json}
?[m?[37m[INFO] 22:15:48,117 [Test worker] changelog.ChangeSet. - Custom SQL executed {changeSet=migration/node-services.changelog-init.xml::identity_service_key_rotation::R3.Corda, databaseChangeLog=master.changelog.json}
?[m?[37m[INFO] 22:15:48,117 [Test worker] jvm.JdbcExecutor. - ALTER TABLE PUBLIC.node_identities_no_cert ALTER COLUMN owning_pk_hash SET NOT NULL {changeSet=migration/node-services.changelog-init.xml::identity_service_key_rotation::R3.Corda, databaseChangeLog=master.changelog.json}
?[m?[37m[INFO] 22:15:48,119 [Test worker] changelog.ChangeSet. - NOT NULL constraint has been added to node_identities_no_cert.owning_pk_hash {changeSet=migration/node-services.changelog-init.xml::identity_service_key_rotation::R3.Corda, databaseChangeLog=master.changelog.json}
?[m?[37m[INFO] 22:15:48,119 [Test worker] jvm.JdbcExecutor. - DROP TABLE PUBLIC.node_named_identities {changeSet=migration/node-services.changelog-init.xml::identity_service_key_rotation::R3.Corda, databaseChangeLog=master.changelog.json}
?[m?[37m[INFO] 22:15:48,121 [Test worker] changelog.ChangeSet. - Table node_named_identities dropped {changeSet=migration/node-services.changelog-init.xml::identity_service_key_rotation::R3.Corda, databaseChangeLog=master.changelog.json}
?[m?[37m[INFO] 22:15:48,121 [Test worker] changelog.ChangeSet. - ChangeSet migration/node-services.changelog-init.xml::identity_service_key_rotation::R3.Corda ran successfully in 16ms {changeSet=migration/node-services.changelog-init.xml::identity_service_key_rotation::R3.Corda, databaseChangeLog=master.changelog.json}
?[m?[37m[INFO] 22:15:48,122 [Test worker] jvm.JdbcExecutor. - INSERT INTO PUBLIC.DATABASECHANGELOG (ID, AUTHOR, FILENAME, DATEEXECUTED, ORDEREXECUTED, MD5SUM, DESCRIPTION, COMMENTS, EXECTYPE, CONTEXTS, LABELS, LIQUIBASE, DEPLOYMENT_ID) VALUES ('identity_service_key_rotation', 'R3.Corda', 'migration/node-services.changelog-init.xml', NOW(), 99, '8:45514f858c3ac818303f4ef9950eda23', 'addColumn tableName=node_identities_no_cert; sql; sql; addNotNullConstraint columnName=owning_pk_hash, tableName=node_identities_no_cert; dropTable tableName=node_named_identities', '', 'EXECUTED', NULL, NULL, '3.6.3', '8452947939') {changeSet=migration/node-services.changelog-init.xml::identity_service_key_rotation::R3.Corda, databaseChangeLog=master.changelog.json}
?[m?[37m[INFO] 22:15:48,124 [Test worker] jvm.JdbcExecutor. - DROP TABLE PUBLIC.node_checkpoints {changeSet=migration/node-services.changelog-init.xml::add_new_checkpoints_table::R3.Corda, databaseChangeLog=master.changelog.json}
?[m?[37m[INFO] 22:15:48,128 [Test worker] changelog.ChangeSet. - Table node_checkpoints dropped {changeSet=migration/node-services.changelog-init.xml::add_new_checkpoints_table::R3.Corda, databaseChangeLog=master.changelog.json}
?[m?[37m[INFO] 22:15:48,129 [Test worker] jvm.JdbcExecutor. - CREATE TABLE PUBLIC.node_checkpoints (flow_id NVARCHAR(64) NOT NULL, status INT NOT NULL, compatible BOOLEAN NOT NULL, progress_step NVARCHAR(256), flow_io_request NVARCHAR(128), timestamp TIMESTAMP NOT NULL) {changeSet=migration/node-services.changelog-init.xml::add_new_checkpoints_table::R3.Corda, databaseChangeLog=master.changelog.json}
?[m?[37m[INFO] 22:15:48,130 [Test worker] changelog.ChangeSet. - Table node_checkpoints created {changeSet=migration/node-services.changelog-init.xml::add_new_checkpoints_table::R3.Corda, databaseChangeLog=master.changelog.json}
?[m?[37m[INFO] 22:15:48,131 [Test worker] changelog.ChangeSet. - ChangeSet migration/node-services.changelog-init.xml::add_new_checkpoints_table::R3.Corda ran successfully in 8ms {changeSet=migration/node-services.changelog-init.xml::add_new_checkpoints_table::R3.Corda, databaseChangeLog=master.changelog.json}
?[m?[37m[INFO] 22:15:48,132 [Test worker] jvm.JdbcExecutor. - INSERT INTO PUBLIC.DATABASECHANGELOG (ID, AUTHOR, FILENAME, DATEEXECUTED, ORDEREXECUTED, MD5SUM, DESCRIPTION, COMMENTS, EXECTYPE, CONTEXTS, LABELS, LIQUIBASE, DEPLOYMENT_ID) VALUES ('add_new_checkpoints_table', 'R3.Corda', 'migration/node-services.changelog-init.xml', NOW(), 100, '8:cc00474f248a40e330cf0f42c5b7e1a6', 'dropTable tableName=node_checkpoints; createTable tableName=node_checkpoints', '', 'EXECUTED', NULL, NULL, '3.6.3', '8452947939') {changeSet=migration/node-services.changelog-init.xml::add_new_checkpoints_table::R3.Corda, databaseChangeLog=master.changelog.json}
?[m?[37m[INFO] 22:15:48,134 [Test worker] jvm.JdbcExecutor. - CREATE TABLE PUBLIC.node_checkpoint_blobs (flow_id NVARCHAR(64) NOT NULL, checkpoint_value BLOB NOT NULL, flow_state BLOB, timestamp TIMESTAMP NOT NULL, hmac VARBINARY(32) NOT NULL) {changeSet=migration/node-services.changelog-init.xml::add_new_checkpoint_blob_table::R3.Corda, databaseChangeLog=master.changelog.json}
?[m?[37m[INFO] 22:15:48,135 [Test worker] changelog.ChangeSet. - Table node_checkpoint_blobs created {changeSet=migration/node-services.changelog-init.xml::add_new_checkpoint_blob_table::R3.Corda, databaseChangeLog=master.changelog.json}
?[m?[37m[INFO] 22:15:48,135 [Test worker] changelog.ChangeSet. - ChangeSet migration/node-services.changelog-init.xml::add_new_checkpoint_blob_table::R3.Corda ran successfully in 2ms {changeSet=migration/node-services.changelog-init.xml::add_new_checkpoint_blob_table::R3.Corda, databaseChangeLog=master.changelog.json}
?[m?[37m[INFO] 22:15:48,136 [Test worker] jvm.JdbcExecutor. - INSERT INTO PUBLIC.DATABASECHANGELOG (ID, AUTHOR, FILENAME, DATEEXECUTED, ORDEREXECUTED, MD5SUM, DESCRIPTION, COMMENTS, EXECTYPE, CONTEXTS, LABELS, LIQUIBASE, DEPLOYMENT_ID) VALUES ('add_new_checkpoint_blob_table', 'R3.Corda', 'migration/node-services.changelog-init.xml', NOW(), 101, '8:e973d6b794fe4753423964b13fe9fbe6', 'createTable tableName=node_checkpoint_blobs', '', 'EXECUTED', NULL, NULL, '3.6.3', '8452947939') {changeSet=migration/node-services.changelog-init.xml::add_new_checkpoint_blob_table::R3.Corda, databaseChangeLog=master.changelog.json}
?[m?[37m[INFO] 22:15:48,139 [Test worker] jvm.JdbcExecutor. - CREATE TABLE PUBLIC.node_flow_results (flow_id NVARCHAR(64) NOT NULL, result_value BLOB, timestamp TIMESTAMP NOT NULL) {changeSet=migration/node-services.changelog-init.xml::add_new_flow_result_table::R3.Corda, databaseChangeLog=master.changelog.json}
?[m?[37m[INFO] 22:15:48,140 [Test worker] changelog.ChangeSet. - Table node_flow_results created {changeSet=migration/node-services.changelog-init.xml::add_new_flow_result_table::R3.Corda, databaseChangeLog=master.changelog.json}
?[m?[37m[INFO] 22:15:48,140 [Test worker] changelog.ChangeSet. - ChangeSet migration/node-services.changelog-init.xml::add_new_flow_result_table::R3.Corda ran successfully in 2ms {changeSet=migration/node-services.changelog-init.xml::add_new_flow_result_table::R3.Corda, databaseChangeLog=master.changelog.json}
?[m?[37m[INFO] 22:15:48,141 [Test worker] jvm.JdbcExecutor. - INSERT INTO PUBLIC.DATABASECHANGELOG (ID, AUTHOR, FILENAME, DATEEXECUTED, ORDEREXECUTED, MD5SUM, DESCRIPTION, COMMENTS, EXECTYPE, CONTEXTS, LABELS, LIQUIBASE, DEPLOYMENT_ID) VALUES ('add_new_flow_result_table', 'R3.Corda', 'migration/node-services.changelog-init.xml', NOW(), 102, '8:79f1c80610f26db24d6ab757f57e68b7', 'createTable tableName=node_flow_results', '', 'EXECUTED', NULL, NULL, '3.6.3', '8452947939') {changeSet=migration/node-services.changelog-init.xml::add_new_flow_result_table::R3.Corda, databaseChangeLog=master.changelog.json}
?[m?[37m[INFO] 22:15:48,144 [Test worker] jvm.JdbcExecutor. - CREATE TABLE PUBLIC.node_flow_exceptions (flow_id NVARCHAR(64) NOT NULL, type NVARCHAR(256) NOT NULL, exception_message NVARCHAR(2000), stack_trace NVARCHAR(2000) NOT NULL, exception_value BLOB, timestamp TIMESTAMP NOT NULL) {changeSet=migration/node-services.changelog-init.xml::add_new_flow_exceptions_table::R3.Corda, databaseChangeLog=master.changelog.json}
?[m?[37m[INFO] 22:15:48,145 [Test worker] changelog.ChangeSet. - Table node_flow_exceptions created {changeSet=migration/node-services.changelog-init.xml::add_new_flow_exceptions_table::R3.Corda, databaseChangeLog=master.changelog.json}
?[m?[37m[INFO] 22:15:48,145 [Test worker] changelog.ChangeSet. - ChangeSet migration/node-services.changelog-init.xml::add_new_flow_exceptions_table::R3.Corda ran successfully in 2ms {changeSet=migration/node-services.changelog-init.xml::add_new_flow_exceptions_table::R3.Corda, databaseChangeLog=master.changelog.json}
?[m?[37m[INFO] 22:15:48,147 [Test worker] jvm.JdbcExecutor. - INSERT INTO PUBLIC.DATABASECHANGELOG (ID, AUTHOR, FILENAME, DATEEXECUTED, ORDEREXECUTED, MD5SUM, DESCRIPTION, COMMENTS, EXECTYPE, CONTEXTS, LABELS, LIQUIBASE, DEPLOYMENT_ID) VALUES ('add_new_flow_exceptions_table', 'R3.Corda', 'migration/node-services.changelog-init.xml', NOW(), 103, '8:fb0d523c5cf42025c566f105731b34a2', 'createTable tableName=node_flow_exceptions', '', 'EXECUTED', NULL, NULL, '3.6.3', '8452947939') {changeSet=migration/node-services.changelog-init.xml::add_new_flow_exceptions_table::R3.Corda, databaseChangeLog=master.changelog.json}
?[m?[37m[INFO] 22:15:48,150 [Test worker] jvm.JdbcExecutor. - CREATE TABLE PUBLIC.node_flow_metadata (flow_id NVARCHAR(64) NOT NULL, invocation_id NVARCHAR(128) NOT NULL, flow_name NVARCHAR(128) NOT NULL, flow_identifier NVARCHAR(512), started_type INT NOT NULL, flow_parameters BLOB NOT NULL, cordapp_name NVARCHAR(128) NOT NULL, platform_version INT NOT NULL, started_by NVARCHAR(128) NOT NULL, invocation_time TIMESTAMP NOT NULL, start_time TIMESTAMP NOT NULL, finish_time TIMESTAMP) {changeSet=migration/node-services.changelog-init.xml::add_new_flow_metadata_table::R3.Corda, databaseChangeLog=master.changelog.json}
?[m?[37m[INFO] 22:15:48,151 [Test worker] changelog.ChangeSet. - Table node_flow_metadata created {changeSet=migration/node-services.changelog-init.xml::add_new_flow_metadata_table::R3.Corda, databaseChangeLog=master.changelog.json}
?[m?[37m[INFO] 22:15:48,152 [Test worker] changelog.ChangeSet. - ChangeSet migration/node-services.changelog-init.xml::add_new_flow_metadata_table::R3.Corda ran successfully in 2ms {changeSet=migration/node-services.changelog-init.xml::add_new_flow_metadata_table::R3.Corda, databaseChangeLog=master.changelog.json}
?[m?[37m[INFO] 22:15:48,153 [Test worker] jvm.JdbcExecutor. - INSERT INTO PUBLIC.DATABASECHANGELOG (ID, AUTHOR, FILENAME, DATEEXECUTED, ORDEREXECUTED, MD5SUM, DESCRIPTION, COMMENTS, EXECTYPE, CONTEXTS, LABELS, LIQUIBASE, DEPLOYMENT_ID) VALUES ('add_new_flow_metadata_table', 'R3.Corda', 'migration/node-services.changelog-init.xml', NOW(), 104, '8:edede3ddf0425fb6d012735a7415013e', 'createTable tableName=node_flow_metadata', '', 'EXECUTED', NULL, NULL, '3.6.3', '8452947939') {changeSet=migration/node-services.changelog-init.xml::add_new_flow_metadata_table::R3.Corda, databaseChangeLog=master.changelog.json}
?[m?[37m[INFO] 22:15:48,155 [Test worker] jvm.JdbcExecutor. - ALTER TABLE PUBLIC.node_checkpoints ADD CONSTRAINT node_checkpoints_pk PRIMARY KEY (flow_id) {changeSet=migration/node-services.changelog-init.xml::add_new_checkpoint_schema_primary_keys-h2_postgres_oracle::R3.Corda, databaseChangeLog=master.changelog.json}
?[m?[37m[INFO] 22:15:48,156 [Test worker] changelog.ChangeSet. - Primary key added to node_checkpoints (flow_id) {changeSet=migration/node-services.changelog-init.xml::add_new_checkpoint_schema_primary_keys-h2_postgres_oracle::R3.Corda, databaseChangeLog=master.changelog.json}
?[m?[37m[INFO] 22:15:48,156 [Test worker] changelog.ChangeSet. - ChangeSet migration/node-services.changelog-init.xml::add_new_checkpoint_schema_primary_keys-h2_postgres_oracle::R3.Corda ran successfully in 2ms {changeSet=migration/node-services.changelog-init.xml::add_new_checkpoint_schema_primary_keys-h2_postgres_oracle::R3.Corda, databaseChangeLog=master.changelog.json}
?[m?[37m[INFO] 22:15:48,157 [Test worker] jvm.JdbcExecutor. - INSERT INTO PUBLIC.DATABASECHANGELOG (ID, AUTHOR, FILENAME, DATEEXECUTED, ORDEREXECUTED, MD5SUM, DESCRIPTION, COMMENTS, EXECTYPE, CONTEXTS, LABELS, LIQUIBASE, DEPLOYMENT_ID) VALUES ('add_new_checkpoint_schema_primary_keys-h2_postgres_oracle', 'R3.Corda', 'migration/node-services.changelog-init.xml', NOW(), 105, '8:23141f3e3b5917c1cd0196f7b03b8f71', 'addPrimaryKey constraintName=node_checkpoints_pk, tableName=node_checkpoints', '', 'EXECUTED', NULL, NULL, '3.6.3', '8452947939') {changeSet=migration/node-services.changelog-init.xml::add_new_checkpoint_schema_primary_keys-h2_postgres_oracle::R3.Corda, databaseChangeLog=master.changelog.json}
?[m?[37m[INFO] 22:15:48,160 [Test worker] jvm.JdbcExecutor. - CREATE UNIQUE INDEX PUBLIC.node_checkpoint_blobs_idx ON PUBLIC.node_checkpoint_blobs(flow_id) {changeSet=migration/node-services.changelog-init.xml::add_new_checkpoint_schema_indexes::R3.Corda, databaseChangeLog=master.changelog.json}
?[m?[37m[INFO] 22:15:48,161 [Test worker] changelog.ChangeSet. - Index node_checkpoint_blobs_idx created {changeSet=migration/node-services.changelog-init.xml::add_new_checkpoint_schema_indexes::R3.Corda, databaseChangeLog=master.changelog.json}
?[m?[37m[INFO] 22:15:48,162 [Test worker] jvm.JdbcExecutor. - CREATE UNIQUE INDEX PUBLIC.node_flow_results_idx ON PUBLIC.node_flow_results(flow_id) {changeSet=migration/node-services.changelog-init.xml::add_new_checkpoint_schema_indexes::R3.Corda, databaseChangeLog=master.changelog.json}
?[m?[37m[INFO] 22:15:48,163 [Test worker] changelog.ChangeSet. - Index node_flow_results_idx created {changeSet=migration/node-services.changelog-init.xml::add_new_checkpoint_schema_indexes::R3.Corda, databaseChangeLog=master.changelog.json}
?[m?[37m[INFO] 22:15:48,163 [Test worker] jvm.JdbcExecutor. - CREATE UNIQUE INDEX PUBLIC.node_flow_exceptions_idx ON PUBLIC.node_flow_exceptions(flow_id) {changeSet=migration/node-services.changelog-init.xml::add_new_checkpoint_schema_indexes::R3.Corda, databaseChangeLog=master.changelog.json}
?[m?[37m[INFO] 22:15:48,165 [Test worker] changelog.ChangeSet. - Index node_flow_exceptions_idx created {changeSet=migration/node-services.changelog-init.xml::add_new_checkpoint_schema_indexes::R3.Corda, databaseChangeLog=master.changelog.json}
?[m?[37m[INFO] 22:15:48,165 [Test worker] jvm.JdbcExecutor. - CREATE UNIQUE INDEX PUBLIC.node_flow_metadata_idx ON PUBLIC.node_flow_metadata(flow_id) {changeSet=migration/node-services.changelog-init.xml::add_new_checkpoint_schema_indexes::R3.Corda, databaseChangeLog=master.changelog.json}
?[m?[37m[INFO] 22:15:48,167 [Test worker] changelog.ChangeSet. - Index node_flow_metadata_idx created {changeSet=migration/node-services.changelog-init.xml::add_new_checkpoint_schema_indexes::R3.Corda, databaseChangeLog=master.changelog.json}
?[m?[37m[INFO] 22:15:48,167 [Test worker] changelog.ChangeSet. - ChangeSet migration/node-services.changelog-init.xml::add_new_checkpoint_schema_indexes::R3.Corda ran successfully in 8ms {changeSet=migration/node-services.changelog-init.xml::add_new_checkpoint_schema_indexes::R3.Corda, databaseChangeLog=master.changelog.json}
?[m?[37m[INFO] 22:15:48,168 [Test worker] jvm.JdbcExecutor. - INSERT INTO PUBLIC.DATABASECHANGELOG (ID, AUTHOR, FILENAME, DATEEXECUTED, ORDEREXECUTED, MD5SUM, DESCRIPTION, COMMENTS, EXECTYPE, CONTEXTS, LABELS, LIQUIBASE, DEPLOYMENT_ID) VALUES ('add_new_checkpoint_schema_indexes', 'R3.Corda', 'migration/node-services.changelog-init.xml', NOW(), 106, '8:56612ddd39f61523990e27c1b429f467', 'createIndex indexName=node_checkpoint_blobs_idx, tableName=node_checkpoint_blobs; createIndex indexName=node_flow_results_idx, tableName=node_flow_results; createIndex indexName=node_flow_exceptions_idx, tableName=node_flow_exceptions; createIndex...', '', 'EXECUTED', NULL, NULL, '3.6.3', '8452947939') {changeSet=migration/node-services.changelog-init.xml::add_new_checkpoint_schema_indexes::R3.Corda, databaseChangeLog=master.changelog.json}
?[m?[37m[INFO] 22:15:48,170 [Test worker] jvm.JdbcExecutor. - ALTER TABLE PUBLIC.node_transactions DROP PRIMARY KEY {changeSet=migration/node-core.changelog-v21.xml::node_transaction_id_size::R3.Corda, databaseChangeLog=master.changelog.json}
?[m?[37m[INFO] 22:15:48,172 [Test worker] changelog.ChangeSet. - Primary key dropped from node_transactions {changeSet=migration/node-core.changelog-v21.xml::node_transaction_id_size::R3.Corda, databaseChangeLog=master.changelog.json}
?[m?[37m[INFO] 22:15:48,172 [Test worker] jvm.JdbcExecutor. - ALTER TABLE PUBLIC.node_scheduled_states DROP PRIMARY KEY {changeSet=migration/node-core.changelog-v21.xml::node_transaction_id_size::R3.Corda, databaseChangeLog=master.changelog.json}
?[m?[37m[INFO] 22:15:48,173 [Test worker] changelog.ChangeSet. - Primary key dropped from node_scheduled_states {changeSet=migration/node-core.changelog-v21.xml::node_transaction_id_size::R3.Corda, databaseChangeLog=master.changelog.json}
?[m?[37m[INFO] 22:15:48,174 [Test worker] jvm.JdbcExecutor. - ALTER TABLE PUBLIC.node_transactions ALTER COLUMN tx_id SET NULL {changeSet=migration/node-core.changelog-v21.xml::node_transaction_id_size::R3.Corda, databaseChangeLog=master.changelog.json}
?[m?[37m[INFO] 22:15:48,175 [Test worker] changelog.ChangeSet. - Null constraint dropped from node_transactions.tx_id {changeSet=migration/node-core.changelog-v21.xml::node_transaction_id_size::R3.Corda, databaseChangeLog=master.changelog.json}
?[m?[37m[INFO] 22:15:48,175 [Test worker] jvm.JdbcExecutor. - ALTER TABLE PUBLIC.node_scheduled_states ALTER COLUMN transaction_id SET NULL {changeSet=migration/node-core.changelog-v21.xml::node_transaction_id_size::R3.Corda, databaseChangeLog=master.changelog.json}
?[m?[37m[INFO] 22:15:48,176 [Test worker] changelog.ChangeSet. - Null constraint dropped from node_scheduled_states.transaction_id {changeSet=migration/node-core.changelog-v21.xml::node_transaction_id_size::R3.Corda, databaseChangeLog=master.changelog.json}
?[m?[37m[INFO] 22:15:48,177 [Test worker] jvm.JdbcExecutor. - ALTER TABLE PUBLIC.node_transactions ALTER COLUMN tx_id NVARCHAR(144) {changeSet=migration/node-core.changelog-v21.xml::node_transaction_id_size::R3.Corda, databaseChangeLog=master.changelog.json}
?[m?[37m[INFO] 22:15:48,182 [Test worker] changelog.ChangeSet. - node_transactions.tx_id datatype was changed to NVARCHAR(144) {changeSet=migration/node-core.changelog-v21.xml::node_transaction_id_size::R3.Corda, databaseChangeLog=master.changelog.json}
?[m?[37m[INFO] 22:15:48,182 [Test worker] jvm.JdbcExecutor. - ALTER TABLE PUBLIC.node_scheduled_states ALTER COLUMN transaction_id NVARCHAR(144) {changeSet=migration/node-core.changelog-v21.xml::node_transaction_id_size::R3.Corda, databaseChangeLog=master.changelog.json}
?[m?[37m[INFO] 22:15:48,187 [Test worker] changelog.ChangeSet. - node_scheduled_states.transaction_id datatype was changed to NVARCHAR(144) {changeSet=migration/node-core.changelog-v21.xml::node_transaction_id_size::R3.Corda, databaseChangeLog=master.changelog.json}
?[m?[37m[INFO] 22:15:48,187 [Test worker] jvm.JdbcExecutor. - ALTER TABLE PUBLIC.node_transactions ALTER COLUMN tx_id SET NOT NULL {changeSet=migration/node-core.changelog-v21.xml::node_transaction_id_size::R3.Corda, databaseChangeLog=master.changelog.json}
?[m?[37m[INFO] 22:15:48,188 [Test worker] changelog.ChangeSet. - NOT NULL constraint has been added to node_transactions.tx_id {changeSet=migration/node-core.changelog-v21.xml::node_transaction_id_size::R3.Corda, databaseChangeLog=master.changelog.json}
?[m?[37m[INFO] 22:15:48,189 [Test worker] jvm.JdbcExecutor. - ALTER TABLE PUBLIC.node_scheduled_states ALTER COLUMN transaction_id SET NOT NULL {changeSet=migration/node-core.changelog-v21.xml::node_transaction_id_size::R3.Corda, databaseChangeLog=master.changelog.json}
?[m?[37m[INFO] 22:15:48,190 [Test worker] changelog.ChangeSet. - NOT NULL constraint has been added to node_scheduled_states.transaction_id {changeSet=migration/node-core.changelog-v21.xml::node_transaction_id_size::R3.Corda, databaseChangeLog=master.changelog.json}
?[m?[37m[INFO] 22:15:48,190 [Test worker] jvm.JdbcExecutor. - ALTER TABLE PUBLIC.node_transactions ADD CONSTRAINT node_transactions_pkey PRIMARY KEY (tx_id) {changeSet=migration/node-core.changelog-v21.xml::node_transaction_id_size::R3.Corda, databaseChangeLog=master.changelog.json}
?[m?[37m[INFO] 22:15:48,192 [Test worker] changelog.ChangeSet. - Primary key added to node_transactions (tx_id) {changeSet=migration/node-core.changelog-v21.xml::node_transaction_id_size::R3.Corda, databaseChangeLog=master.changelog.json}
?[m?[37m[INFO] 22:15:48,192 [Test worker] jvm.JdbcExecutor. - ALTER TABLE PUBLIC.node_scheduled_states ADD CONSTRAINT node_scheduled_states_pkey PRIMARY KEY (output_index, transaction_id) {changeSet=migration/node-core.changelog-v21.xml::node_transaction_id_size::R3.Corda, databaseChangeLog=master.changelog.json}
?[m?[37m[INFO] 22:15:48,194 [Test worker] changelog.ChangeSet. - Primary key added to node_scheduled_states (output_index, transaction_id) {changeSet=migration/node-core.changelog-v21.xml::node_transaction_id_size::R3.Corda, databaseChangeLog=master.changelog.json}
?[m?[37m[INFO] 22:15:48,194 [Test worker] changelog.ChangeSet. - ChangeSet migration/node-core.changelog-v21.xml::node_transaction_id_size::R3.Corda ran successfully in 24ms {changeSet=migration/node-core.changelog-v21.xml::node_transaction_id_size::R3.Corda, databaseChangeLog=master.changelog.json}
?[m?[37m[INFO] 22:15:48,195 [Test worker] jvm.JdbcExecutor. - INSERT INTO PUBLIC.DATABASECHANGELOG (ID, AUTHOR, FILENAME, DATEEXECUTED, ORDEREXECUTED, MD5SUM, DESCRIPTION, COMMENTS, EXECTYPE, CONTEXTS, LABELS, LIQUIBASE, DEPLOYMENT_ID) VALUES ('node_transaction_id_size', 'R3.Corda', 'migration/node-core.changelog-v21.xml', NOW(), 107, '8:9267fdf76dd8a7da392f65d5422718c3', 'dropPrimaryKey constraintName=node_transactions_pkey, tableName=node_transactions; dropPrimaryKey constraintName=node_scheduled_states_pkey, tableName=node_scheduled_states; dropNotNullConstraint columnName=tx_id, tableName=node_transactions; drop...', '', 'EXECUTED', NULL, NULL, '3.6.3', '8452947939') {changeSet=migration/node-core.changelog-v21.xml::node_transaction_id_size::R3.Corda, databaseChangeLog=master.changelog.json}
?[m?[37m[INFO] 22:15:48,198 [Test worker] jvm.JdbcExecutor. - INSERT INTO PUBLIC.DATABASECHANGELOG (ID, AUTHOR, FILENAME, DATEEXECUTED, ORDEREXECUTED, MD5SUM, DESCRIPTION, COMMENTS, EXECTYPE, CONTEXTS, LABELS, LIQUIBASE, DEPLOYMENT_ID) VALUES ('node_transaction_id_size_non-clustered_pk', 'R3.Corda', 'migration/node-core.changelog-v21.xml', NOW(), 108, '8:64773359f27e2f85fe6df6097823ce69', 'dropPrimaryKey constraintName=node_transactions_pkey, tableName=node_transactions; addPrimaryKey constraintName=node_transactions_pkey, tableName=node_transactions', '', 'MARK_RAN', NULL, NULL, '3.6.3', '8452947939') {changeSet=migration/node-core.changelog-v21.xml::node_transaction_id_size_non-clustered_pk::R3.Corda, databaseChangeLog=master.changelog.json}
?[m?[37m[INFO] 22:15:48,200 [Test worker] jvm.JdbcExecutor. - ALTER TABLE PUBLIC.node_contract_upgrades DROP PRIMARY KEY {changeSet=migration/node-core.changelog-v21.xml::node_contract_upgrades_state_ref_size::R3.Corda, databaseChangeLog=master.changelog.json}
?[m?[37m[INFO] 22:15:48,202 [Test worker] changelog.ChangeSet. - Primary key dropped from node_contract_upgrades {changeSet=migration/node-core.changelog-v21.xml::node_contract_upgrades_state_ref_size::R3.Corda, databaseChangeLog=master.changelog.json}
?[m?[37m[INFO] 22:15:48,202 [Test worker] jvm.JdbcExecutor. - ALTER TABLE PUBLIC.node_contract_upgrades ALTER COLUMN state_ref SET NULL {changeSet=migration/node-core.changelog-v21.xml::node_contract_upgrades_state_ref_size::R3.Corda, databaseChangeLog=master.changelog.json}
?[m?[37m[INFO] 22:15:48,203 [Test worker] changelog.ChangeSet. - Null constraint dropped from node_contract_upgrades.state_ref {changeSet=migration/node-core.changelog-v21.xml::node_contract_upgrades_state_ref_size::R3.Corda, databaseChangeLog=master.changelog.json}
?[m?[37m[INFO] 22:15:48,203 [Test worker] jvm.JdbcExecutor. - ALTER TABLE PUBLIC.node_contract_upgrades ALTER COLUMN state_ref NVARCHAR(176) {changeSet=migration/node-core.changelog-v21.xml::node_contract_upgrades_state_ref_size::R3.Corda, databaseChangeLog=master.changelog.json}
?[m?[37m[INFO] 22:15:48,208 [Test worker] changelog.ChangeSet. - node_contract_upgrades.state_ref datatype was changed to NVARCHAR(176) {changeSet=migration/node-core.changelog-v21.xml::node_contract_upgrades_state_ref_size::R3.Corda, databaseChangeLog=master.changelog.json}
?[m?[37m[INFO] 22:15:48,208 [Test worker] jvm.JdbcExecutor. - ALTER TABLE PUBLIC.node_contract_upgrades ALTER COLUMN state_ref SET NOT NULL {changeSet=migration/node-core.changelog-v21.xml::node_contract_upgrades_state_ref_size::R3.Corda, databaseChangeLog=master.changelog.json}
?[m?[37m[INFO] 22:15:48,209 [Test worker] changelog.ChangeSet. - NOT NULL constraint has been added to node_contract_upgrades.state_ref {changeSet=migration/node-core.changelog-v21.xml::node_contract_upgrades_state_ref_size::R3.Corda, databaseChangeLog=master.changelog.json}
?[m?[37m[INFO] 22:15:48,210 [Test worker] jvm.JdbcExecutor. - ALTER TABLE PUBLIC.node_contract_upgrades ADD CONSTRAINT node_contract_upgrades_pkey PRIMARY KEY (state_ref) {changeSet=migration/node-core.changelog-v21.xml::node_contract_upgrades_state_ref_size::R3.Corda, databaseChangeLog=master.changelog.json}
?[m?[37m[INFO] 22:15:48,211 [Test worker] changelog.ChangeSet. - Primary key added to node_contract_upgrades (state_ref) {changeSet=migration/node-core.changelog-v21.xml::node_contract_upgrades_state_ref_size::R3.Corda, databaseChangeLog=master.changelog.json}
?[m?[37m[INFO] 22:15:48,211 [Test worker] changelog.ChangeSet. - ChangeSet migration/node-core.changelog-v21.xml::node_contract_upgrades_state_ref_size::R3.Corda ran successfully in 11ms {changeSet=migration/node-core.changelog-v21.xml::node_contract_upgrades_state_ref_size::R3.Corda, databaseChangeLog=master.changelog.json}
?[m?[37m[INFO] 22:15:48,212 [Test worker] jvm.JdbcExecutor. - INSERT INTO PUBLIC.DATABASECHANGELOG (ID, AUTHOR, FILENAME, DATEEXECUTED, ORDEREXECUTED, MD5SUM, DESCRIPTION, COMMENTS, EXECTYPE, CONTEXTS, LABELS, LIQUIBASE, DEPLOYMENT_ID) VALUES ('node_contract_upgrades_state_ref_size', 'R3.Corda', 'migration/node-core.changelog-v21.xml', NOW(), 109, '8:25a17205698e008ce77364ab975aa8b3', 'dropPrimaryKey constraintName=node_contract_upgrades_pkey, tableName=node_contract_upgrades; dropNotNullConstraint columnName=state_ref, tableName=node_contract_upgrades; modifyDataType columnName=state_ref, tableName=node_contract_upgrades; addNo...', '', 'EXECUTED', NULL, NULL, '3.6.3', '8452947939') {changeSet=migration/node-core.changelog-v21.xml::node_contract_upgrades_state_ref_size::R3.Corda, databaseChangeLog=master.changelog.json}
?[m?[37m[INFO] 22:15:48,216 [Test worker] jvm.JdbcExecutor. - CREATE TABLE PUBLIC.node_notary_committed_states (output_index INT NOT NULL, transaction_id NVARCHAR(64) NOT NULL, consuming_transaction_id NVARCHAR(64)) {changeSet=migration/node-services.changelog-init.xml::1511451595465-16::R3.Corda, databaseChangeLog=master.changelog.json}
?[m?[37m[INFO] 22:15:48,217 [Test worker] changelog.ChangeSet. - Table node_notary_committed_states created {changeSet=migration/node-services.changelog-init.xml::1511451595465-16::R3.Corda, databaseChangeLog=master.changelog.json}
?[m?[37m[INFO] 22:15:48,217 [Test worker] changelog.ChangeSet. - ChangeSet migration/node-services.changelog-init.xml::1511451595465-16::R3.Corda ran successfully in 2ms {changeSet=migration/node-services.changelog-init.xml::1511451595465-16::R3.Corda, databaseChangeLog=master.changelog.json}
?[m?[37m[INFO] 22:15:48,218 [Test worker] jvm.JdbcExecutor. - INSERT INTO PUBLIC.DATABASECHANGELOG (ID, AUTHOR, FILENAME, DATEEXECUTED, ORDEREXECUTED, MD5SUM, DESCRIPTION, COMMENTS, EXECTYPE, CONTEXTS, LABELS, LIQUIBASE, DEPLOYMENT_ID) VALUES ('1511451595465-16', 'R3.Corda', 'migration/node-services.changelog-init.xml', NOW(), 110, '8:202eb6144ca2ddf982810c5b333117b8', 'createTable tableName=node_notary_committed_states', '', 'EXECUTED', NULL, NULL, '3.6.3', '8452947939') {changeSet=migration/node-services.changelog-init.xml::1511451595465-16::R3.Corda, databaseChangeLog=master.changelog.json}
?[m?[37m[INFO] 22:15:48,220 [Test worker] jvm.JdbcExecutor. - CREATE TABLE PUBLIC.node_notary_request_log (id INT NOT NULL, consuming_transaction_id NVARCHAR(64) NOT NULL, requesting_party_name NVARCHAR(255) NOT NULL, request_timestamp TIMESTAMP NOT NULL, request_signature BLOB NOT NULL) {changeSet=migration/node-services.changelog-init.xml::1521131680317-17::R3.Corda, databaseChangeLog=master.changelog.json}
?[m?[37m[INFO] 22:15:48,222 [Test worker] changelog.ChangeSet. - Table node_notary_request_log created {changeSet=migration/node-services.changelog-init.xml::1521131680317-17::R3.Corda, databaseChangeLog=master.changelog.json}
?[m?[37m[INFO] 22:15:48,222 [Test worker] changelog.ChangeSet. - ChangeSet migration/node-services.changelog-init.xml::1521131680317-17::R3.Corda ran successfully in 2ms {changeSet=migration/node-services.changelog-init.xml::1521131680317-17::R3.Corda, databaseChangeLog=master.changelog.json}
?[m?[37m[INFO] 22:15:48,223 [Test worker] jvm.JdbcExecutor. - INSERT INTO PUBLIC.DATABASECHANGELOG (ID, AUTHOR, FILENAME, DATEEXECUTED, ORDEREXECUTED, MD5SUM, DESCRIPTION, COMMENTS, EXECTYPE, CONTEXTS, LABELS, LIQUIBASE, DEPLOYMENT_ID) VALUES ('1521131680317-17', 'R3.Corda', 'migration/node-services.changelog-init.xml', NOW(), 111, '8:da67caf796d1a61c253ac38815a6fa6b', 'createTable tableName=node_notary_request_log', '', 'EXECUTED', NULL, NULL, '3.6.3', '8452947939') {changeSet=migration/node-services.changelog-init.xml::1521131680317-17::R3.Corda, databaseChangeLog=master.changelog.json}
?[m?[37m[INFO] 22:15:48,224 [Test worker] jvm.JdbcExecutor. - ALTER TABLE PUBLIC.node_notary_committed_states ADD CONSTRAINT node_notary_states_pkey PRIMARY KEY (output_index, transaction_id) {changeSet=migration/node-services.changelog-init.xml::1511451595465-41::R3.Corda, databaseChangeLog=master.changelog.json}
?[m?[37m[INFO] 22:15:48,226 [Test worker] changelog.ChangeSet. - Primary key added to node_notary_committed_states (output_index, transaction_id) {changeSet=migration/node-services.changelog-init.xml::1511451595465-41::R3.Corda, databaseChangeLog=master.changelog.json}
?[m?[37m[INFO] 22:15:48,226 [Test worker] changelog.ChangeSet. - ChangeSet migration/node-services.changelog-init.xml::1511451595465-41::R3.Corda ran successfully in 2ms {changeSet=migration/node-services.changelog-init.xml::1511451595465-41::R3.Corda, databaseChangeLog=master.changelog.json}
?[m?[37m[INFO] 22:15:48,227 [Test worker] jvm.JdbcExecutor. - INSERT INTO PUBLIC.DATABASECHANGELOG (ID, AUTHOR, FILENAME, DATEEXECUTED, ORDEREXECUTED, MD5SUM, DESCRIPTION, COMMENTS, EXECTYPE, CONTEXTS, LABELS, LIQUIBASE, DEPLOYMENT_ID) VALUES ('1511451595465-41', 'R3.Corda', 'migration/node-services.changelog-init.xml', NOW(), 112, '8:73a5b14473602a38c02858208ef2af9d', 'addPrimaryKey constraintName=node_notary_states_pkey, tableName=node_notary_committed_states', '', 'EXECUTED', NULL, NULL, '3.6.3', '8452947939') {changeSet=migration/node-services.changelog-init.xml::1511451595465-41::R3.Corda, databaseChangeLog=master.changelog.json}
?[m?[37m[INFO] 22:15:48,229 [Test worker] jvm.JdbcExecutor. - ALTER TABLE PUBLIC.node_notary_request_log ADD CONSTRAINT node_notary_request_log_pkey PRIMARY KEY (id) {changeSet=migration/node-services.changelog-init.xml::1521131680317-48::R3.Corda, databaseChangeLog=master.changelog.json}
?[m?[37m[INFO] 22:15:48,230 [Test worker] changelog.ChangeSet. - Primary key added to node_notary_request_log (id) {changeSet=migration/node-services.changelog-init.xml::1521131680317-48::R3.Corda, databaseChangeLog=master.changelog.json}
?[m?[37m[INFO] 22:15:48,231 [Test worker] changelog.ChangeSet. - ChangeSet migration/node-services.changelog-init.xml::1521131680317-48::R3.Corda ran successfully in 2ms {changeSet=migration/node-services.changelog-init.xml::1521131680317-48::R3.Corda, databaseChangeLog=master.changelog.json}
?[m?[37m[INFO] 22:15:48,232 [Test worker] jvm.JdbcExecutor. - INSERT INTO PUBLIC.DATABASECHANGELOG (ID, AUTHOR, FILENAME, DATEEXECUTED, ORDEREXECUTED, MD5SUM, DESCRIPTION, COMMENTS, EXECTYPE, CONTEXTS, LABELS, LIQUIBASE, DEPLOYMENT_ID) VALUES ('1521131680317-48', 'R3.Corda', 'migration/node-services.changelog-init.xml', NOW(), 113, '8:7b2392b8e69fe748f22e678d1e8b1d3e', 'addPrimaryKey constraintName=node_notary_request_log_pkey, tableName=node_notary_request_log', '', 'EXECUTED', NULL, NULL, '3.6.3', '8452947939') {changeSet=migration/node-services.changelog-init.xml::1521131680317-48::R3.Corda, databaseChangeLog=master.changelog.json}
?[m?[37m[INFO] 22:15:48,233 [Test worker] jvm.JdbcExecutor. - ALTER TABLE PUBLIC.node_notary_committed_states ALTER COLUMN consuming_transaction_id SET NOT NULL {changeSet=migration/node-services.changelog-init.xml::nullability::R3.Corda, databaseChangeLog=master.changelog.json}
?[m?[37m[INFO] 22:15:48,235 [Test worker] changelog.ChangeSet. - NOT NULL constraint has been added to node_notary_committed_states.consuming_transaction_id {changeSet=migration/node-services.changelog-init.xml::nullability::R3.Corda, databaseChangeLog=master.changelog.json}
?[m?[37m[INFO] 22:15:48,235 [Test worker] changelog.ChangeSet. - ChangeSet migration/node-services.changelog-init.xml::nullability::R3.Corda ran successfully in 2ms {changeSet=migration/node-services.changelog-init.xml::nullability::R3.Corda, databaseChangeLog=master.changelog.json}
[...]
?[mTokenType Created with Id: f410d7eb-6156-4880-b14c-66506dfad9bf
-f410d7eb-6156-4880-b14c-66506dfad9bf-
?[37m[INFO] 22:15:56,584 [Mock network] corda.flow. - Sending transaction to notary: O=Notary, L=London, C=GB. {actor_id=Only For Testing, actor_owning_identity=O=InvestorA, L=TestLand, C=US, actor_store_id=TEST, fiber-id=10000002, flow-id=e80e6fad-97ff-405a-a5aa-c752cf933b79, invocation_id=5accb860-5bf6-4327-9e58-2464d57e020a, invocation_timestamp=2021-04-15T02:15:56.321Z, origin=Only For Testing, session_id=5accb860-5bf6-4327-9e58-2464d57e020a, session_timestamp=2021-04-15T02:15:56.321Z, thread-id=645, tx_id=116899147ADDDFC0E843D3D214BEA937E14BB3F457419D0CAD126F0A67C2DB7F}
?[m?[37m[INFO] 22:15:56,695 [Mock network] corda.flow. - Received a notarisation request for Tx [116899147ADDDFC0E843D3D214BEA937E14BB3F457419D0CAD126F0A67C2DB7F] from [O=InvestorA, L=TestLand, C=US] {fiber-id=10000003, flow-id=e0012afc-bed4-4e02-ba48-2116e2ab235b, invocation_id=cda17967-24cd-4c9c-9b4c-8072927195e3, invocation_timestamp=2021-04-15T02:15:56.664Z, origin=O=InvestorA, L=TestLand, C=US, session_id=cda17967-24cd-4c9c-9b4c-8072927195e3, session_timestamp=2021-04-15T02:15:56.664Z, thread-id=645}
?[m?[37m[INFO] 22:15:57,337 [Notary request queue processor] jpa.JPAUniquenessProvider. - Processing notarization requests with 0 input states and 1 references
?[m?[37m[INFO] 22:15:57,367 [Mock network] corda.flow. - Transaction [116899147ADDDFC0E843D3D214BEA937E14BB3F457419D0CAD126F0A67C2DB7F] successfully notarised, sending signature back to [O=InvestorA, L=TestLand, C=US] {fiber-id=10000003, flow-id=e0012afc-bed4-4e02-ba48-2116e2ab235b, invocation_id=cda17967-24cd-4c9c-9b4c-8072927195e3, invocation_timestamp=2021-04-15T02:15:56.664Z, origin=O=InvestorA, L=TestLand, C=US, session_id=cda17967-24cd-4c9c-9b4c-8072927195e3, session_timestamp=2021-04-15T02:15:56.664Z, thread-id=645}
?[m?[37m[INFO] 22:15:57,403 [Mock network] corda.flow. - Notary responded (O=Notary, L=London, C=GB). {actor_id=Only For Testing, actor_owning_identity=O=InvestorA, L=TestLand, C=US, actor_store_id=TEST, fiber-id=10000002, flow-id=e80e6fad-97ff-405a-a5aa-c752cf933b79, invocation_id=5accb860-5bf6-4327-9e58-2464d57e020a, invocation_timestamp=2021-04-15T02:15:56.321Z, origin=Only For Testing, session_id=5accb860-5bf6-4327-9e58-2464d57e020a, session_timestamp=2021-04-15T02:15:56.321Z, thread-id=645, tx_id=116899147ADDDFC0E843D3D214BEA937E14BB3F457419D0CAD126F0A67C2DB7F}
?[m?[37m[INFO] 22:15:57,404 [Mock network] corda.flow. - Recording transaction locally. {actor_id=Only For Testing, actor_owning_identity=O=InvestorA, L=TestLand, C=US, actor_store_id=TEST, fiber-id=10000002, flow-id=e80e6fad-97ff-405a-a5aa-c752cf933b79, invocation_id=5accb860-5bf6-4327-9e58-2464d57e020a, invocation_timestamp=2021-04-15T02:15:56.321Z, origin=Only For Testing, session_id=5accb860-5bf6-4327-9e58-2464d57e020a, session_timestamp=2021-04-15T02:15:56.321Z, thread-id=645, tx_id=116899147ADDDFC0E843D3D214BEA937E14BB3F457419D0CAD126F0A67C2DB7F}
?[m?[37m[INFO] 22:15:57,426 [Mock network] corda.flow. - Recorded transaction locally successfully. {actor_id=Only For Testing, actor_owning_identity=O=InvestorA, L=TestLand, C=US, actor_store_id=TEST, fiber-id=10000002, flow-id=e80e6fad-97ff-405a-a5aa-c752cf933b79, invocation_id=5accb860-5bf6-4327-9e58-2464d57e020a, invocation_timestamp=2021-04-15T02:15:56.321Z, origin=Only For Testing, session_id=5accb860-5bf6-4327-9e58-2464d57e020a, session_timestamp=2021-04-15T02:15:56.321Z, thread-id=645, tx_id=116899147ADDDFC0E843D3D214BEA937E14BB3F457419D0CAD126F0A67C2DB7F}
?[m?[37m[INFO] 22:15:57,426 [Mock network] corda.flow. - All parties received the transaction successfully. {actor_id=Only For Testing, actor_owning_identity=O=InvestorA, L=TestLand, C=US, actor_store_id=TEST, fiber-id=10000002, flow-id=e80e6fad-97ff-405a-a5aa-c752cf933b79, invocation_id=5accb860-5bf6-4327-9e58-2464d57e020a, invocation_timestamp=2021-04-15T02:15:56.321Z, origin=Only For Testing, session_id=5accb860-5bf6-4327-9e58-2464d57e020a, session_timestamp=2021-04-15T02:15:56.321Z, thread-id=645, tx_id=116899147ADDDFC0E843D3D214BEA937E14BB3F457419D0CAD126F0A67C2DB7F}
?[m?[37m[INFO] 22:15:57,449 [Mock network] services.VaultWatcherService. - received token vault update with 0 consumed states and: 1 produced states {actor_id=Only For Testing, actor_owning_identity=O=InvestorA, L=TestLand, C=US, actor_store_id=TEST, fiber-id=10000002, flow-id=e80e6fad-97ff-405a-a5aa-c752cf933b79, invocation_id=5accb860-5bf6-4327-9e58-2464d57e020a, invocation_timestamp=2021-04-15T02:15:56.321Z, origin=Only For Testing, session_id=5accb860-5bf6-4327-9e58-2464d57e020a, session_timestamp=2021-04-15T02:15:56.321Z, thread-id=645}
?[m
A currently have 100
?[37m[INFO] 22:15:57,619 [Mock network] corda.flow. - Sending transaction to notary: O=Notary, L=London, C=GB. {actor_id=Only For Testing, actor_owning_identity=O=InvestorA, L=TestLand, C=US, actor_store_id=TEST, fiber-id=10000004, flow-id=3c38d903-f8ea-4386-a13b-4d7fa0f90992, invocation_id=e7ff08f3-0697-48a6-8c93-e557075ae516, invocation_timestamp=2021-04-15T02:15:57.488Z, origin=Only For Testing, session_id=e7ff08f3-0697-48a6-8c93-e557075ae516, session_timestamp=2021-04-15T02:15:57.488Z, thread-id=645, tx_id=8C2D4E3B14B9E65C0790025B4E042943FFD42359002E0FD444DD05373ABAABD3}
?[m?[37m[INFO] 22:15:57,643 [Mock network] corda.flow. - Received a notarisation request for Tx [8C2D4E3B14B9E65C0790025B4E042943FFD42359002E0FD444DD05373ABAABD3] from [O=InvestorA, L=TestLand, C=US] {fiber-id=10000005, flow-id=d4289b65-c9c4-48da-af66-c7a083a557db, invocation_id=087974cc-cfcb-4f22-bea9-91b8d4f20c97, invocation_timestamp=2021-04-15T02:15:57.634Z, origin=O=InvestorA, L=TestLand, C=US, session_id=087974cc-cfcb-4f22-bea9-91b8d4f20c97, session_timestamp=2021-04-15T02:15:57.634Z, thread-id=645}
?[m?[37m[INFO] 22:15:57,770 [Notary request queue processor] jpa.JPAUniquenessProvider. - Processing notarization requests with 1 input states and 1 references
?[m?[37m[INFO] 22:15:57,777 [Mock network] corda.flow. - Transaction [8C2D4E3B14B9E65C0790025B4E042943FFD42359002E0FD444DD05373ABAABD3] successfully notarised, sending signature back to [O=InvestorA, L=TestLand, C=US] {fiber-id=10000005, flow-id=d4289b65-c9c4-48da-af66-c7a083a557db, invocation_id=087974cc-cfcb-4f22-bea9-91b8d4f20c97, invocation_timestamp=2021-04-15T02:15:57.634Z, origin=O=InvestorA, L=TestLand, C=US, session_id=087974cc-cfcb-4f22-bea9-91b8d4f20c97, session_timestamp=2021-04-15T02:15:57.634Z, thread-id=645}
?[m?[37m[INFO] 22:15:57,807 [Mock network] corda.flow. - Notary responded (O=Notary, L=London, C=GB). {actor_id=Only For Testing, actor_owning_identity=O=InvestorA, L=TestLand, C=US, actor_store_id=TEST, fiber-id=10000004, flow-id=3c38d903-f8ea-4386-a13b-4d7fa0f90992, invocation_id=e7ff08f3-0697-48a6-8c93-e557075ae516, invocation_timestamp=2021-04-15T02:15:57.488Z, origin=Only For Testing, session_id=e7ff08f3-0697-48a6-8c93-e557075ae516, session_timestamp=2021-04-15T02:15:57.488Z, thread-id=645, tx_id=8C2D4E3B14B9E65C0790025B4E042943FFD42359002E0FD444DD05373ABAABD3}
?[m?[37m[INFO] 22:15:57,813 [Mock network] corda.flow. - Recording transaction locally. {actor_id=Only For Testing, actor_owning_identity=O=InvestorA, L=TestLand, C=US, actor_store_id=TEST, fiber-id=10000004, flow-id=3c38d903-f8ea-4386-a13b-4d7fa0f90992, invocation_id=e7ff08f3-0697-48a6-8c93-e557075ae516, invocation_timestamp=2021-04-15T02:15:57.488Z, origin=Only For Testing, session_id=e7ff08f3-0697-48a6-8c93-e557075ae516, session_timestamp=2021-04-15T02:15:57.488Z, thread-id=645, tx_id=8C2D4E3B14B9E65C0790025B4E042943FFD42359002E0FD444DD05373ABAABD3}
?[m?[37m[INFO] 22:15:57,828 [Mock network] corda.flow. - Recorded transaction locally successfully. {actor_id=Only For Testing, actor_owning_identity=O=InvestorA, L=TestLand, C=US, actor_store_id=TEST, fiber-id=10000004, flow-id=3c38d903-f8ea-4386-a13b-4d7fa0f90992, invocation_id=e7ff08f3-0697-48a6-8c93-e557075ae516, invocation_timestamp=2021-04-15T02:15:57.488Z, origin=Only For Testing, session_id=e7ff08f3-0697-48a6-8c93-e557075ae516, session_timestamp=2021-04-15T02:15:57.488Z, thread-id=645, tx_id=8C2D4E3B14B9E65C0790025B4E042943FFD42359002E0FD444DD05373ABAABD3}
?[m?[37m[INFO] 22:15:57,851 [Mock network] services.VaultWatcherService. - received token vault update with 1 consumed states and: 1 produced states {actor_id=Only For Testing, actor_owning_identity=O=InvestorA, L=TestLand, C=US, actor_store_id=TEST, fiber-id=10000004, flow-id=3c38d903-f8ea-4386-a13b-4d7fa0f90992, invocation_id=e7ff08f3-0697-48a6-8c93-e557075ae516, invocation_timestamp=2021-04-15T02:15:57.488Z, origin=Only For Testing, session_id=e7ff08f3-0697-48a6-8c93-e557075ae516, session_timestamp=2021-04-15T02:15:57.488Z, thread-id=645}
?[m?[37m[INFO] 22:15:57,859 [Mock network] corda.flow. - Received transaction acknowledgement request from party O=InvestorA, L=TestLand, C=US. {fiber-id=10000006, flow-id=81c89641-956c-47db-9399-69f7182cb68c, invocation_id=bafa00c7-9156-4285-879d-d33ac2d2adf0, invocation_timestamp=2021-04-15T02:15:57.662Z, origin=O=InvestorA, L=TestLand, C=US, session_id=bafa00c7-9156-4285-879d-d33ac2d2adf0, session_timestamp=2021-04-15T02:15:57.662Z, thread-id=645, tx_id=8C2D4E3B14B9E65C0790025B4E042943FFD42359002E0FD444DD05373ABAABD3}
?[m?[37m[INFO] 22:15:58,051 [Mock network] corda.flow. - Transaction dependencies resolution completed. {fiber-id=10000006, flow-id=81c89641-956c-47db-9399-69f7182cb68c, invocation_id=bafa00c7-9156-4285-879d-d33ac2d2adf0, invocation_timestamp=2021-04-15T02:15:57.662Z, origin=O=InvestorA, L=TestLand, C=US, session_id=bafa00c7-9156-4285-879d-d33ac2d2adf0, session_timestamp=2021-04-15T02:15:57.662Z, thread-id=645, tx_id=8C2D4E3B14B9E65C0790025B4E042943FFD42359002E0FD444DD05373ABAABD3}
?[m?[37m[INFO] 22:15:58,060 [Mock network] corda.flow. - Successfully received fully signed tx. Sending it to the vault for processing. {fiber-id=10000006, flow-id=81c89641-956c-47db-9399-69f7182cb68c, invocation_id=bafa00c7-9156-4285-879d-d33ac2d2adf0, invocation_timestamp=2021-04-15T02:15:57.662Z, origin=O=InvestorA, L=TestLand, C=US, session_id=bafa00c7-9156-4285-879d-d33ac2d2adf0, session_timestamp=2021-04-15T02:15:57.662Z, thread-id=645, tx_id=8C2D4E3B14B9E65C0790025B4E042943FFD42359002E0FD444DD05373ABAABD3}
?[m?[37m[INFO] 22:15:58,075 [Mock network] corda.flow. - Successfully recorded received transaction locally. {fiber-id=10000006, flow-id=81c89641-956c-47db-9399-69f7182cb68c, invocation_id=bafa00c7-9156-4285-879d-d33ac2d2adf0, invocation_timestamp=2021-04-15T02:15:57.662Z, origin=O=InvestorA, L=TestLand, C=US, session_id=bafa00c7-9156-4285-879d-d33ac2d2adf0, session_timestamp=2021-04-15T02:15:57.662Z, thread-id=645, tx_id=8C2D4E3B14B9E65C0790025B4E042943FFD42359002E0FD444DD05373ABAABD3}
?[m?[37m[INFO] 22:15:58,079 [Mock network] services.VaultWatcherService. - received token vault update with 0 consumed states and: 1 produced states {actor_id=Only For Testing, actor_owning_identity=O=InvestorA, L=TestLand, C=US, actor_store_id=TEST, fiber-id=10000006, flow-id=81c89641-956c-47db-9399-69f7182cb68c, invocation_id=bafa00c7-9156-4285-879d-d33ac2d2adf0, invocation_timestamp=2021-04-15T02:15:57.662Z, origin=O=InvestorA, L=TestLand, C=US, session_id=bafa00c7-9156-4285-879d-d33ac2d2adf0, session_timestamp=2021-04-15T02:15:57.662Z, thread-id=645}
?[m?[37m[INFO] 22:15:58,086 [Mock network] corda.flow. - Party O=InvestorB, L=TestCity, C=US received the transaction. {actor_id=Only For Testing, actor_owning_identity=O=InvestorA, L=TestLand, C=US, actor_store_id=TEST, fiber-id=10000004, flow-id=3c38d903-f8ea-4386-a13b-4d7fa0f90992, invocation_id=e7ff08f3-0697-48a6-8c93-e557075ae516, invocation_timestamp=2021-04-15T02:15:57.488Z, origin=Only For Testing, session_id=e7ff08f3-0697-48a6-8c93-e557075ae516, session_timestamp=2021-04-15T02:15:57.488Z, thread-id=645, tx_id=8C2D4E3B14B9E65C0790025B4E042943FFD42359002E0FD444DD05373ABAABD3}
?[m?[37m[INFO] 22:15:58,104 [Mock network] corda.flow. - Received transaction acknowledgement request from party O=InvestorA, L=TestLand, C=US. {fiber-id=10000007, flow-id=ca06ad87-1397-4eeb-97a7-10cb8749c0aa, invocation_id=b33bbced-2e37-48a3-a0af-ab42d566e813, invocation_timestamp=2021-04-15T02:15:57.693Z, origin=O=InvestorA, L=TestLand, C=US, session_id=b33bbced-2e37-48a3-a0af-ab42d566e813, session_timestamp=2021-04-15T02:15:57.693Z, thread-id=645, tx_id=8C2D4E3B14B9E65C0790025B4E042943FFD42359002E0FD444DD05373ABAABD3}
?[m?[37m[INFO] 22:15:58,491 [Mock network] corda.flow. - Transaction dependencies resolution completed. {fiber-id=10000007, flow-id=ca06ad87-1397-4eeb-97a7-10cb8749c0aa, invocation_id=b33bbced-2e37-48a3-a0af-ab42d566e813, invocation_timestamp=2021-04-15T02:15:57.693Z, origin=O=InvestorA, L=TestLand, C=US, session_id=b33bbced-2e37-48a3-a0af-ab42d566e813, session_timestamp=2021-04-15T02:15:57.693Z, thread-id=645, tx_id=8C2D4E3B14B9E65C0790025B4E042943FFD42359002E0FD444DD05373ABAABD3}
?[m?[37m[INFO] 22:15:58,501 [Mock network] corda.flow. - Successfully received fully signed tx. Sending it to the vault for processing. {fiber-id=10000007, flow-id=ca06ad87-1397-4eeb-97a7-10cb8749c0aa, invocation_id=b33bbced-2e37-48a3-a0af-ab42d566e813, invocation_timestamp=2021-04-15T02:15:57.693Z, origin=O=InvestorA, L=TestLand, C=US, session_id=b33bbced-2e37-48a3-a0af-ab42d566e813, session_timestamp=2021-04-15T02:15:57.693Z, thread-id=645, tx_id=8C2D4E3B14B9E65C0790025B4E042943FFD42359002E0FD444DD05373ABAABD3}
?[m?[37m[INFO] 22:15:58,520 [Mock network] corda.flow. - Successfully recorded received transaction locally. {fiber-id=10000007, flow-id=ca06ad87-1397-4eeb-97a7-10cb8749c0aa, invocation_id=b33bbced-2e37-48a3-a0af-ab42d566e813, invocation_timestamp=2021-04-15T02:15:57.693Z, origin=O=InvestorA, L=TestLand, C=US, session_id=b33bbced-2e37-48a3-a0af-ab42d566e813, session_timestamp=2021-04-15T02:15:57.693Z, thread-id=645, tx_id=8C2D4E3B14B9E65C0790025B4E042943FFD42359002E0FD444DD05373ABAABD3}
?[m?[37m[INFO] 22:15:58,528 [Mock network] services.VaultWatcherService. - received token vault update with 0 consumed states and: 1 produced states {actor_id=Only For Testing, actor_owning_identity=O=InvestorA, L=TestLand, C=US, actor_store_id=TEST, fiber-id=10000007, flow-id=ca06ad87-1397-4eeb-97a7-10cb8749c0aa, invocation_id=b33bbced-2e37-48a3-a0af-ab42d566e813, invocation_timestamp=2021-04-15T02:15:57.693Z, origin=O=InvestorA, L=TestLand, C=US, session_id=b33bbced-2e37-48a3-a0af-ab42d566e813, session_timestamp=2021-04-15T02:15:57.693Z, thread-id=645}
?[m?[37m[INFO] 22:15:58,528 [Mock network] services.VaultWatcherService. - received token vault update with 1 consumed states and: 2 produced states {actor_id=Only For Testing, actor_owning_identity=O=InvestorA, L=TestLand, C=US, actor_store_id=TEST, fiber-id=10000007, flow-id=ca06ad87-1397-4eeb-97a7-10cb8749c0aa, invocation_id=b33bbced-2e37-48a3-a0af-ab42d566e813, invocation_timestamp=2021-04-15T02:15:57.693Z, origin=O=InvestorA, L=TestLand, C=US, session_id=b33bbced-2e37-48a3-a0af-ab42d566e813, session_timestamp=2021-04-15T02:15:57.693Z, thread-id=645}
?[m?[37m[INFO] 22:15:58,535 [Mock network] corda.flow. - Party O=TIE, L=TestVillage, C=US received the transaction. {actor_id=Only For Testing, actor_owning_identity=O=InvestorA, L=TestLand, C=US, actor_store_id=TEST, fiber-id=10000004, flow-id=3c38d903-f8ea-4386-a13b-4d7fa0f90992, invocation_id=e7ff08f3-0697-48a6-8c93-e557075ae516, invocation_timestamp=2021-04-15T02:15:57.488Z, origin=Only For Testing, session_id=e7ff08f3-0697-48a6-8c93-e557075ae516, session_timestamp=2021-04-15T02:15:57.488Z, thread-id=645, tx_id=8C2D4E3B14B9E65C0790025B4E042943FFD42359002E0FD444DD05373ABAABD3}
?[m?[37m[INFO] 22:15:58,535 [Mock network] corda.flow. - All parties received the transaction successfully. {actor_id=Only For Testing, actor_owning_identity=O=InvestorA, L=TestLand, C=US, actor_store_id=TEST, fiber-id=10000004, flow-id=3c38d903-f8ea-4386-a13b-4d7fa0f90992, invocation_id=e7ff08f3-0697-48a6-8c93-e557075ae516, invocation_timestamp=2021-04-15T02:15:57.488Z, origin=Only For Testing, session_id=e7ff08f3-0697-48a6-8c93-e557075ae516, session_timestamp=2021-04-15T02:15:57.488Z, thread-id=645, tx_id=8C2D4E3B14B9E65C0790025B4E042943FFD42359002E0FD444DD05373ABAABD3}
?[m?[37m[INFO] 22:15:58,600 [Mock network] corda.flow. - Already stored a distribution record for O=InvestorA, L=TestLand, C=US and f410d7eb-6156-4880-b14c-66506dfad9bf. {fiber-id=10000009, flow-id=fe1b72a4-af4e-4269-872b-f0f086426862, invocation_id=54934224-5d7d-4987-a66a-f745f519d28b, invocation_timestamp=2021-04-15T02:15:58.590Z, origin=O=InvestorA, L=TestLand, C=US, session_id=54934224-5d7d-4987-a66a-f745f519d28b, session_timestamp=2021-04-15T02:15:58.590Z, thread-id=645}
?[m
B currently have 20
------------------------
Required Signing keys 2
[net.i2p.crypto.eddsa.EdDSAPublicKey@57929119, net.i2p.crypto.eddsa.EdDSAPublicKey@bd3acbd7]
InvestorA Key: net.i2p.crypto.eddsa.EdDSAPublicKey@57929119
InvestorB Key: net.i2p.crypto.eddsa.EdDSAPublicKey@50107746
TIE Key: net.i2p.crypto.eddsa.EdDSAPublicKey@c5d97d52
Notary Key: net.i2p.crypto.eddsa.EdDSAPublicKey@bd3acbd7
How many actually signed Signers------------------------
[net.i2p.crypto.eddsa.EdDSAPublicKey@57929119]
?[37m[INFO] 22:15:58,633 [Test worker] persistence.CordaPersistence. - Closing HikariDataSource (HikariPool-1)
?[m?[37m[INFO] 22:15:58,633 [Test worker] hikari.HikariDataSource. - HikariPool-1 - Shutdown initiated...
?[m?[37m[INFO] 22:15:58,649 [Test worker] hikari.HikariDataSource. - HikariPool-1 - Shutdown completed.
?[m?[37m[INFO] 22:15:58,650 [Test worker] internal.MockNodeMessagingService. - Status change to false
?[m?[37m[INFO] 22:15:58,650 [Test worker] internal.InternalMockNetwork$MockNode. - MessagingService active change to: false
?[m?[37m[INFO] 22:15:58,653 [Test worker] persistence.CordaPersistence. - Closing HikariDataSource (HikariPool-2)
?[m?[37m[INFO] 22:15:58,653 [Test worker] hikari.HikariDataSource. - HikariPool-2 - Shutdown initiated...
?[m?[37m[INFO] 22:15:58,666 [Test worker] hikari.HikariDataSource. - HikariPool-2 - Shutdown completed.
?[m?[37m[INFO] 22:15:58,666 [Test worker] internal.MockNodeMessagingService. - Status change to false
?[m?[37m[INFO] 22:15:58,666 [Test worker] internal.InternalMockNetwork$MockNode. - MessagingService active change to: false
?[m?[37m[INFO] 22:15:58,668 [Test worker] persistence.CordaPersistence. - Closing HikariDataSource (HikariPool-3)
?[m?[37m[INFO] 22:15:58,668 [Test worker] hikari.HikariDataSource. - HikariPool-3 - Shutdown initiated...
?[m?[37m[INFO] 22:15:58,678 [Test worker] hikari.HikariDataSource. - HikariPool-3 - Shutdown completed.
?[m?[37m[INFO] 22:15:58,678 [Test worker] internal.MockNodeMessagingService. - Status change to false
?[m?[37m[INFO] 22:15:58,678 [Test worker] internal.InternalMockNetwork$MockNode. - MessagingService active change to: false
?[m?[37m[INFO] 22:15:58,679 [Test worker] persistence.CordaPersistence. - Closing HikariDataSource (HikariPool-4)
?[m?[37m[INFO] 22:15:58,679 [Test worker] hikari.HikariDataSource. - HikariPool-4 - Shutdown initiated...
?[m?[37m[INFO] 22:15:58,689 [Test worker] hikari.HikariDataSource. - HikariPool-4 - Shutdown completed.
?[m?[37m[INFO] 22:15:58,689 [Test worker] internal.MockNodeMessagingService. - Status change to false
?[m?[37m[INFO] 22:15:58,689 [Test worker] internal.InternalMockNetwork$MockNode. - MessagingService active change to: false
?[m]]></system-out>
  <system-err><![CDATA[[quasar] WARNING: Method not found in class - assuming suspendable: com/r3/corda/lib/tokens/testing/states/House#getValuation()Lnet/corda/core/contracts/Amount; (at TestFlows.kt:com/r3/corda/lib/tokens/workflows/internal/testflows/DvPFlow#call)
QUASAR WARNING: Assertions enabled. This may harm performance.
QUASAR WARNING: Fibers are set to verify instrumentation. This may *severely* harm performance.
]]></system-err>
</testsuite>
